2020-07-16 14:46:09,509 INFO o.s.t.c.s.AbstractTestContextBootstrapper [Test worker] Neither @ContextConfiguration nor @ContextHierarchy found for test class [CSCI5308.GroupFormationTool.PasswordValidationTest.MinimumSymbolValidatorTest], using SpringBootContextLoader
2020-07-16 14:46:09,522 INFO o.s.t.c.s.AbstractContextLoader [Test worker] Could not detect default resource locations for test class [CSCI5308.GroupFormationTool.PasswordValidationTest.MinimumSymbolValidatorTest]: no resource found for suffixes {-context.xml, Context.groovy}.
2020-07-16 14:46:09,524 INFO o.s.t.c.s.AnnotationConfigContextLoaderUtils [Test worker] Could not detect default configuration classes for test class [CSCI5308.GroupFormationTool.PasswordValidationTest.MinimumSymbolValidatorTest]: MinimumSymbolValidatorTest does not declare any static, non-private, non-final, nested classes annotated with @Configuration.
2020-07-16 14:46:09,709 INFO o.s.b.t.c.SpringBootTestContextBootstrapper [Test worker] Found @SpringBootConfiguration CSCI5308.GroupFormationTool.GroupFormationToolApplication for test class CSCI5308.GroupFormationTool.PasswordValidationTest.MinimumSymbolValidatorTest
2020-07-16 14:46:09,864 INFO o.s.t.c.s.AbstractTestContextBootstrapper [Test worker] Loaded default TestExecutionListener class names from location [META-INF/spring.factories]: [org.springframework.security.test.context.support.WithSecurityContextTestExecutionListener, org.springframework.security.test.context.support.ReactorContextTestExecutionListener, org.springframework.boot.test.autoconfigure.restdocs.RestDocsTestExecutionListener, org.springframework.boot.test.autoconfigure.web.client.MockRestServiceServerResetTestExecutionListener, org.springframework.boot.test.autoconfigure.web.servlet.MockMvcPrintOnlyOnFailureTestExecutionListener, org.springframework.boot.test.autoconfigure.web.servlet.WebDriverTestExecutionListener, org.springframework.boot.test.mock.mockito.MockitoTestExecutionListener, org.springframework.boot.test.mock.mockito.ResetMocksTestExecutionListener, org.springframework.test.context.web.ServletTestExecutionListener, org.springframework.test.context.support.DirtiesContextBeforeModesTestExecutionListener, org.springframework.test.context.support.DependencyInjectionTestExecutionListener, org.springframework.test.context.support.DirtiesContextTestExecutionListener, org.springframework.test.context.transaction.TransactionalTestExecutionListener, org.springframework.test.context.jdbc.SqlScriptsTestExecutionListener, org.springframework.test.context.event.EventPublishingTestExecutionListener]
2020-07-16 14:46:09,889 INFO o.s.t.c.s.AbstractTestContextBootstrapper [Test worker] Using TestExecutionListeners: [org.springframework.test.context.web.ServletTestExecutionListener@47767c95, org.springframework.test.context.support.DirtiesContextBeforeModesTestExecutionListener@54c6b796, org.springframework.boot.test.mock.mockito.MockitoTestExecutionListener@3c9f89cd, org.springframework.boot.test.autoconfigure.SpringBootDependencyInjectionTestExecutionListener@5d866fae, org.springframework.test.context.support.DirtiesContextTestExecutionListener@2960325f, org.springframework.security.test.context.support.WithSecurityContextTestExecutionListener@48fb5ae2, org.springframework.test.context.event.EventPublishingTestExecutionListener@8ea63d1, org.springframework.security.test.context.support.ReactorContextTestExecutionListener@66ff967d, org.springframework.boot.test.autoconfigure.restdocs.RestDocsTestExecutionListener@4ea5a237, org.springframework.boot.test.autoconfigure.web.client.MockRestServiceServerResetTestExecutionListener@5c1bdd4b, org.springframework.boot.test.autoconfigure.web.servlet.MockMvcPrintOnlyOnFailureTestExecutionListener@734c9f2, org.springframework.boot.test.autoconfigure.web.servlet.WebDriverTestExecutionListener@1de2eb17, org.springframework.boot.test.mock.mockito.ResetMocksTestExecutionListener@7eb54686]
2020-07-16 14:46:10,167 INFO o.s.b.StartupInfoLogger [Test worker] Starting MinimumSymbolValidatorTest on Manpreets-MacBook-Pro.local with PID 58432 (started by manpreetsingh in /Users/manpreetsingh/Documents/gitASDC/group21)
2020-07-16 14:46:10,170 INFO o.s.b.SpringApplication [Test worker] No active profile set, falling back to default profiles: default
2020-07-16 14:46:11,506 INFO o.s.s.w.DefaultSecurityFilterChain [Test worker] Creating filter chain: Ant [pattern='/resources/**'], []
2020-07-16 14:46:11,608 INFO o.s.s.w.DefaultSecurityFilterChain [Test worker] Creating filter chain: any request, [org.springframework.security.web.context.request.async.WebAsyncManagerIntegrationFilter@19bb404b, org.springframework.security.web.context.SecurityContextPersistenceFilter@5037f38b, org.springframework.security.web.header.HeaderWriterFilter@4e3a2214, org.springframework.security.web.csrf.CsrfFilter@2bcbf4e8, org.springframework.security.web.authentication.logout.LogoutFilter@297a82bf, org.springframework.security.web.authentication.UsernamePasswordAuthenticationFilter@4970307e, org.springframework.security.web.savedrequest.RequestCacheAwareFilter@195a1b05, org.springframework.security.web.servletapi.SecurityContextHolderAwareRequestFilter@22a9a15c, org.springframework.security.web.authentication.AnonymousAuthenticationFilter@a60499c, org.springframework.security.web.session.SessionManagementFilter@2bb6a8ee, org.springframework.security.web.access.ExceptionTranslationFilter@209f96b3, org.springframework.security.web.access.intercept.FilterSecurityInterceptor@46440ba8]
2020-07-16 14:46:11,895 INFO o.s.s.c.ExecutorConfigurationSupport [Test worker] Initializing ExecutorService 'applicationTaskExecutor'
2020-07-16 14:46:12,054 INFO o.s.b.a.w.s.WelcomePageHandlerMapping [Test worker] Adding welcome page template: index
2020-07-16 14:46:12,298 INFO o.s.b.StartupInfoLogger [Test worker] Started MinimumSymbolValidatorTest in 2.334 seconds (JVM running for 4.216)
2020-07-16 14:46:12,829 INFO o.s.t.c.s.AbstractTestContextBootstrapper [Test worker] Neither @ContextConfiguration nor @ContextHierarchy found for test class [CSCI5308.GroupFormationTool.PasswordValidationTest.MinimumLengthValidatorTest], using SpringBootContextLoader
2020-07-16 14:46:12,830 INFO o.s.t.c.s.AbstractContextLoader [Test worker] Could not detect default resource locations for test class [CSCI5308.GroupFormationTool.PasswordValidationTest.MinimumLengthValidatorTest]: no resource found for suffixes {-context.xml, Context.groovy}.
2020-07-16 14:46:12,830 INFO o.s.t.c.s.AnnotationConfigContextLoaderUtils [Test worker] Could not detect default configuration classes for test class [CSCI5308.GroupFormationTool.PasswordValidationTest.MinimumLengthValidatorTest]: MinimumLengthValidatorTest does not declare any static, non-private, non-final, nested classes annotated with @Configuration.
2020-07-16 14:46:12,831 INFO o.s.b.t.c.SpringBootTestContextBootstrapper [Test worker] Found @SpringBootConfiguration CSCI5308.GroupFormationTool.GroupFormationToolApplication for test class CSCI5308.GroupFormationTool.PasswordValidationTest.MinimumLengthValidatorTest
2020-07-16 14:46:12,833 INFO o.s.t.c.s.AbstractTestContextBootstrapper [Test worker] Loaded default TestExecutionListener class names from location [META-INF/spring.factories]: [org.springframework.security.test.context.support.WithSecurityContextTestExecutionListener, org.springframework.security.test.context.support.ReactorContextTestExecutionListener, org.springframework.boot.test.autoconfigure.restdocs.RestDocsTestExecutionListener, org.springframework.boot.test.autoconfigure.web.client.MockRestServiceServerResetTestExecutionListener, org.springframework.boot.test.autoconfigure.web.servlet.MockMvcPrintOnlyOnFailureTestExecutionListener, org.springframework.boot.test.autoconfigure.web.servlet.WebDriverTestExecutionListener, org.springframework.boot.test.mock.mockito.MockitoTestExecutionListener, org.springframework.boot.test.mock.mockito.ResetMocksTestExecutionListener, org.springframework.test.context.web.ServletTestExecutionListener, org.springframework.test.context.support.DirtiesContextBeforeModesTestExecutionListener, org.springframework.test.context.support.DependencyInjectionTestExecutionListener, org.springframework.test.context.support.DirtiesContextTestExecutionListener, org.springframework.test.context.transaction.TransactionalTestExecutionListener, org.springframework.test.context.jdbc.SqlScriptsTestExecutionListener, org.springframework.test.context.event.EventPublishingTestExecutionListener]
2020-07-16 14:46:12,834 INFO o.s.t.c.s.AbstractTestContextBootstrapper [Test worker] Using TestExecutionListeners: [org.springframework.test.context.web.ServletTestExecutionListener@7e0baf99, org.springframework.test.context.support.DirtiesContextBeforeModesTestExecutionListener@29473d54, org.springframework.boot.test.mock.mockito.MockitoTestExecutionListener@349b6783, org.springframework.boot.test.autoconfigure.SpringBootDependencyInjectionTestExecutionListener@66000cf9, org.springframework.test.context.support.DirtiesContextTestExecutionListener@455400c7, org.springframework.security.test.context.support.WithSecurityContextTestExecutionListener@556928a4, org.springframework.test.context.event.EventPublishingTestExecutionListener@3aa1faf5, org.springframework.security.test.context.support.ReactorContextTestExecutionListener@5c205e9c, org.springframework.boot.test.autoconfigure.restdocs.RestDocsTestExecutionListener@39172fe7, org.springframework.boot.test.autoconfigure.web.client.MockRestServiceServerResetTestExecutionListener@25271c69, org.springframework.boot.test.autoconfigure.web.servlet.MockMvcPrintOnlyOnFailureTestExecutionListener@10642c6a, org.springframework.boot.test.autoconfigure.web.servlet.WebDriverTestExecutionListener@4e6e5444, org.springframework.boot.test.mock.mockito.ResetMocksTestExecutionListener@4e062279]
2020-07-16 14:46:12,840 INFO o.s.t.c.s.AbstractTestContextBootstrapper [Test worker] Neither @ContextConfiguration nor @ContextHierarchy found for test class [CSCI5308.GroupFormationTool.PasswordValidationTest.MinimumUppercaseValidatorTest], using SpringBootContextLoader
2020-07-16 14:46:12,841 INFO o.s.t.c.s.AbstractContextLoader [Test worker] Could not detect default resource locations for test class [CSCI5308.GroupFormationTool.PasswordValidationTest.MinimumUppercaseValidatorTest]: no resource found for suffixes {-context.xml, Context.groovy}.
2020-07-16 14:46:12,841 INFO o.s.t.c.s.AnnotationConfigContextLoaderUtils [Test worker] Could not detect default configuration classes for test class [CSCI5308.GroupFormationTool.PasswordValidationTest.MinimumUppercaseValidatorTest]: MinimumUppercaseValidatorTest does not declare any static, non-private, non-final, nested classes annotated with @Configuration.
2020-07-16 14:46:12,842 INFO o.s.b.t.c.SpringBootTestContextBootstrapper [Test worker] Found @SpringBootConfiguration CSCI5308.GroupFormationTool.GroupFormationToolApplication for test class CSCI5308.GroupFormationTool.PasswordValidationTest.MinimumUppercaseValidatorTest
2020-07-16 14:46:12,843 INFO o.s.t.c.s.AbstractTestContextBootstrapper [Test worker] Loaded default TestExecutionListener class names from location [META-INF/spring.factories]: [org.springframework.security.test.context.support.WithSecurityContextTestExecutionListener, org.springframework.security.test.context.support.ReactorContextTestExecutionListener, org.springframework.boot.test.autoconfigure.restdocs.RestDocsTestExecutionListener, org.springframework.boot.test.autoconfigure.web.client.MockRestServiceServerResetTestExecutionListener, org.springframework.boot.test.autoconfigure.web.servlet.MockMvcPrintOnlyOnFailureTestExecutionListener, org.springframework.boot.test.autoconfigure.web.servlet.WebDriverTestExecutionListener, org.springframework.boot.test.mock.mockito.MockitoTestExecutionListener, org.springframework.boot.test.mock.mockito.ResetMocksTestExecutionListener, org.springframework.test.context.web.ServletTestExecutionListener, org.springframework.test.context.support.DirtiesContextBeforeModesTestExecutionListener, org.springframework.test.context.support.DependencyInjectionTestExecutionListener, org.springframework.test.context.support.DirtiesContextTestExecutionListener, org.springframework.test.context.transaction.TransactionalTestExecutionListener, org.springframework.test.context.jdbc.SqlScriptsTestExecutionListener, org.springframework.test.context.event.EventPublishingTestExecutionListener]
2020-07-16 14:46:12,845 INFO o.s.t.c.s.AbstractTestContextBootstrapper [Test worker] Using TestExecutionListeners: [org.springframework.test.context.web.ServletTestExecutionListener@fde86f5, org.springframework.test.context.support.DirtiesContextBeforeModesTestExecutionListener@23ccabe5, org.springframework.boot.test.mock.mockito.MockitoTestExecutionListener@36340cc6, org.springframework.boot.test.autoconfigure.SpringBootDependencyInjectionTestExecutionListener@b2c057e, org.springframework.test.context.support.DirtiesContextTestExecutionListener@703ec3c0, org.springframework.security.test.context.support.WithSecurityContextTestExecutionListener@36ebcda1, org.springframework.test.context.event.EventPublishingTestExecutionListener@20afb586, org.springframework.security.test.context.support.ReactorContextTestExecutionListener@4bc35318, org.springframework.boot.test.autoconfigure.restdocs.RestDocsTestExecutionListener@4de5a963, org.springframework.boot.test.autoconfigure.web.client.MockRestServiceServerResetTestExecutionListener@258bf3bb, org.springframework.boot.test.autoconfigure.web.servlet.MockMvcPrintOnlyOnFailureTestExecutionListener@78557109, org.springframework.boot.test.autoconfigure.web.servlet.WebDriverTestExecutionListener@29dfa688, org.springframework.boot.test.mock.mockito.ResetMocksTestExecutionListener@4991bc61]
2020-07-16 14:46:12,849 INFO o.s.t.c.s.AbstractTestContextBootstrapper [Test worker] Neither @ContextConfiguration nor @ContextHierarchy found for test class [CSCI5308.GroupFormationTool.PasswordValidationTest.RestrictedCharacterValidatorTest], using SpringBootContextLoader
2020-07-16 14:46:12,850 INFO o.s.t.c.s.AbstractContextLoader [Test worker] Could not detect default resource locations for test class [CSCI5308.GroupFormationTool.PasswordValidationTest.RestrictedCharacterValidatorTest]: no resource found for suffixes {-context.xml, Context.groovy}.
2020-07-16 14:46:12,850 INFO o.s.t.c.s.AnnotationConfigContextLoaderUtils [Test worker] Could not detect default configuration classes for test class [CSCI5308.GroupFormationTool.PasswordValidationTest.RestrictedCharacterValidatorTest]: RestrictedCharacterValidatorTest does not declare any static, non-private, non-final, nested classes annotated with @Configuration.
2020-07-16 14:46:12,851 INFO o.s.b.t.c.SpringBootTestContextBootstrapper [Test worker] Found @SpringBootConfiguration CSCI5308.GroupFormationTool.GroupFormationToolApplication for test class CSCI5308.GroupFormationTool.PasswordValidationTest.RestrictedCharacterValidatorTest
2020-07-16 14:46:12,853 INFO o.s.t.c.s.AbstractTestContextBootstrapper [Test worker] Loaded default TestExecutionListener class names from location [META-INF/spring.factories]: [org.springframework.security.test.context.support.WithSecurityContextTestExecutionListener, org.springframework.security.test.context.support.ReactorContextTestExecutionListener, org.springframework.boot.test.autoconfigure.restdocs.RestDocsTestExecutionListener, org.springframework.boot.test.autoconfigure.web.client.MockRestServiceServerResetTestExecutionListener, org.springframework.boot.test.autoconfigure.web.servlet.MockMvcPrintOnlyOnFailureTestExecutionListener, org.springframework.boot.test.autoconfigure.web.servlet.WebDriverTestExecutionListener, org.springframework.boot.test.mock.mockito.MockitoTestExecutionListener, org.springframework.boot.test.mock.mockito.ResetMocksTestExecutionListener, org.springframework.test.context.web.ServletTestExecutionListener, org.springframework.test.context.support.DirtiesContextBeforeModesTestExecutionListener, org.springframework.test.context.support.DependencyInjectionTestExecutionListener, org.springframework.test.context.support.DirtiesContextTestExecutionListener, org.springframework.test.context.transaction.TransactionalTestExecutionListener, org.springframework.test.context.jdbc.SqlScriptsTestExecutionListener, org.springframework.test.context.event.EventPublishingTestExecutionListener]
2020-07-16 14:46:12,854 INFO o.s.t.c.s.AbstractTestContextBootstrapper [Test worker] Using TestExecutionListeners: [org.springframework.test.context.web.ServletTestExecutionListener@33fd98c3, org.springframework.test.context.support.DirtiesContextBeforeModesTestExecutionListener@60736a8c, org.springframework.boot.test.mock.mockito.MockitoTestExecutionListener@344c7bec, org.springframework.boot.test.autoconfigure.SpringBootDependencyInjectionTestExecutionListener@707abbb0, org.springframework.test.context.support.DirtiesContextTestExecutionListener@2f1e0efc, org.springframework.security.test.context.support.WithSecurityContextTestExecutionListener@54422699, org.springframework.test.context.event.EventPublishingTestExecutionListener@386a4e6, org.springframework.security.test.context.support.ReactorContextTestExecutionListener@2684381d, org.springframework.boot.test.autoconfigure.restdocs.RestDocsTestExecutionListener@7932abdf, org.springframework.boot.test.autoconfigure.web.client.MockRestServiceServerResetTestExecutionListener@3c013c8e, org.springframework.boot.test.autoconfigure.web.servlet.MockMvcPrintOnlyOnFailureTestExecutionListener@a960e7c, org.springframework.boot.test.autoconfigure.web.servlet.WebDriverTestExecutionListener@d559be3, org.springframework.boot.test.mock.mockito.ResetMocksTestExecutionListener@61d5b5c5]
2020-07-16 14:46:12,860 INFO o.s.t.c.s.AbstractTestContextBootstrapper [Test worker] Neither @ContextConfiguration nor @ContextHierarchy found for test class [CSCI5308.GroupFormationTool.PasswordValidationTest.MaximumLengthValidatorTest], using SpringBootContextLoader
2020-07-16 14:46:12,861 INFO o.s.t.c.s.AbstractContextLoader [Test worker] Could not detect default resource locations for test class [CSCI5308.GroupFormationTool.PasswordValidationTest.MaximumLengthValidatorTest]: no resource found for suffixes {-context.xml, Context.groovy}.
2020-07-16 14:46:12,862 INFO o.s.t.c.s.AnnotationConfigContextLoaderUtils [Test worker] Could not detect default configuration classes for test class [CSCI5308.GroupFormationTool.PasswordValidationTest.MaximumLengthValidatorTest]: MaximumLengthValidatorTest does not declare any static, non-private, non-final, nested classes annotated with @Configuration.
2020-07-16 14:46:12,863 INFO o.s.b.t.c.SpringBootTestContextBootstrapper [Test worker] Found @SpringBootConfiguration CSCI5308.GroupFormationTool.GroupFormationToolApplication for test class CSCI5308.GroupFormationTool.PasswordValidationTest.MaximumLengthValidatorTest
2020-07-16 14:46:12,864 INFO o.s.t.c.s.AbstractTestContextBootstrapper [Test worker] Loaded default TestExecutionListener class names from location [META-INF/spring.factories]: [org.springframework.security.test.context.support.WithSecurityContextTestExecutionListener, org.springframework.security.test.context.support.ReactorContextTestExecutionListener, org.springframework.boot.test.autoconfigure.restdocs.RestDocsTestExecutionListener, org.springframework.boot.test.autoconfigure.web.client.MockRestServiceServerResetTestExecutionListener, org.springframework.boot.test.autoconfigure.web.servlet.MockMvcPrintOnlyOnFailureTestExecutionListener, org.springframework.boot.test.autoconfigure.web.servlet.WebDriverTestExecutionListener, org.springframework.boot.test.mock.mockito.MockitoTestExecutionListener, org.springframework.boot.test.mock.mockito.ResetMocksTestExecutionListener, org.springframework.test.context.web.ServletTestExecutionListener, org.springframework.test.context.support.DirtiesContextBeforeModesTestExecutionListener, org.springframework.test.context.support.DependencyInjectionTestExecutionListener, org.springframework.test.context.support.DirtiesContextTestExecutionListener, org.springframework.test.context.transaction.TransactionalTestExecutionListener, org.springframework.test.context.jdbc.SqlScriptsTestExecutionListener, org.springframework.test.context.event.EventPublishingTestExecutionListener]
2020-07-16 14:46:12,865 INFO o.s.t.c.s.AbstractTestContextBootstrapper [Test worker] Using TestExecutionListeners: [org.springframework.test.context.web.ServletTestExecutionListener@4ff10584, org.springframework.test.context.support.DirtiesContextBeforeModesTestExecutionListener@346fa22, org.springframework.boot.test.mock.mockito.MockitoTestExecutionListener@7fbe868f, org.springframework.boot.test.autoconfigure.SpringBootDependencyInjectionTestExecutionListener@4153333e, org.springframework.test.context.support.DirtiesContextTestExecutionListener@6c9c3b5, org.springframework.security.test.context.support.WithSecurityContextTestExecutionListener@326abea4, org.springframework.test.context.event.EventPublishingTestExecutionListener@396bcc98, org.springframework.security.test.context.support.ReactorContextTestExecutionListener@6179d248, org.springframework.boot.test.autoconfigure.restdocs.RestDocsTestExecutionListener@29e561b9, org.springframework.boot.test.autoconfigure.web.client.MockRestServiceServerResetTestExecutionListener@4e1d65bf, org.springframework.boot.test.autoconfigure.web.servlet.MockMvcPrintOnlyOnFailureTestExecutionListener@29f56fe8, org.springframework.boot.test.autoconfigure.web.servlet.WebDriverTestExecutionListener@6b1030c, org.springframework.boot.test.mock.mockito.ResetMocksTestExecutionListener@45b42ca]
2020-07-16 14:46:12,869 INFO o.s.t.c.s.AbstractTestContextBootstrapper [Test worker] Neither @ContextConfiguration nor @ContextHierarchy found for test class [CSCI5308.GroupFormationTool.PasswordValidationTest.MinimumLowercaseValidatorTest], using SpringBootContextLoader
2020-07-16 14:46:12,870 INFO o.s.t.c.s.AbstractContextLoader [Test worker] Could not detect default resource locations for test class [CSCI5308.GroupFormationTool.PasswordValidationTest.MinimumLowercaseValidatorTest]: no resource found for suffixes {-context.xml, Context.groovy}.
2020-07-16 14:46:12,870 INFO o.s.t.c.s.AnnotationConfigContextLoaderUtils [Test worker] Could not detect default configuration classes for test class [CSCI5308.GroupFormationTool.PasswordValidationTest.MinimumLowercaseValidatorTest]: MinimumLowercaseValidatorTest does not declare any static, non-private, non-final, nested classes annotated with @Configuration.
2020-07-16 14:46:12,871 INFO o.s.b.t.c.SpringBootTestContextBootstrapper [Test worker] Found @SpringBootConfiguration CSCI5308.GroupFormationTool.GroupFormationToolApplication for test class CSCI5308.GroupFormationTool.PasswordValidationTest.MinimumLowercaseValidatorTest
2020-07-16 14:46:12,872 INFO o.s.t.c.s.AbstractTestContextBootstrapper [Test worker] Loaded default TestExecutionListener class names from location [META-INF/spring.factories]: [org.springframework.security.test.context.support.WithSecurityContextTestExecutionListener, org.springframework.security.test.context.support.ReactorContextTestExecutionListener, org.springframework.boot.test.autoconfigure.restdocs.RestDocsTestExecutionListener, org.springframework.boot.test.autoconfigure.web.client.MockRestServiceServerResetTestExecutionListener, org.springframework.boot.test.autoconfigure.web.servlet.MockMvcPrintOnlyOnFailureTestExecutionListener, org.springframework.boot.test.autoconfigure.web.servlet.WebDriverTestExecutionListener, org.springframework.boot.test.mock.mockito.MockitoTestExecutionListener, org.springframework.boot.test.mock.mockito.ResetMocksTestExecutionListener, org.springframework.test.context.web.ServletTestExecutionListener, org.springframework.test.context.support.DirtiesContextBeforeModesTestExecutionListener, org.springframework.test.context.support.DependencyInjectionTestExecutionListener, org.springframework.test.context.support.DirtiesContextTestExecutionListener, org.springframework.test.context.transaction.TransactionalTestExecutionListener, org.springframework.test.context.jdbc.SqlScriptsTestExecutionListener, org.springframework.test.context.event.EventPublishingTestExecutionListener]
2020-07-16 14:46:12,873 INFO o.s.t.c.s.AbstractTestContextBootstrapper [Test worker] Using TestExecutionListeners: [org.springframework.test.context.web.ServletTestExecutionListener@21ceef63, org.springframework.test.context.support.DirtiesContextBeforeModesTestExecutionListener@23465e9d, org.springframework.boot.test.mock.mockito.MockitoTestExecutionListener@2d61809a, org.springframework.boot.test.autoconfigure.SpringBootDependencyInjectionTestExecutionListener@73f2daee, org.springframework.test.context.support.DirtiesContextTestExecutionListener@25918604, org.springframework.security.test.context.support.WithSecurityContextTestExecutionListener@34b2869d, org.springframework.test.context.event.EventPublishingTestExecutionListener@15f6a5c1, org.springframework.security.test.context.support.ReactorContextTestExecutionListener@70b6383b, org.springframework.boot.test.autoconfigure.restdocs.RestDocsTestExecutionListener@59be218f, org.springframework.boot.test.autoconfigure.web.client.MockRestServiceServerResetTestExecutionListener@7918c24b, org.springframework.boot.test.autoconfigure.web.servlet.MockMvcPrintOnlyOnFailureTestExecutionListener@59e0b804, org.springframework.boot.test.autoconfigure.web.servlet.WebDriverTestExecutionListener@18d624e3, org.springframework.boot.test.mock.mockito.ResetMocksTestExecutionListener@30cccc2f]
2020-07-16 14:46:12,877 INFO o.s.t.c.s.AbstractTestContextBootstrapper [Test worker] Neither @ContextConfiguration nor @ContextHierarchy found for test class [CSCI5308.GroupFormationTool.PasswordValidationTest.PasswordHistoryValidatorTest], using SpringBootContextLoader
2020-07-16 14:46:12,878 INFO o.s.t.c.s.AbstractContextLoader [Test worker] Could not detect default resource locations for test class [CSCI5308.GroupFormationTool.PasswordValidationTest.PasswordHistoryValidatorTest]: no resource found for suffixes {-context.xml, Context.groovy}.
2020-07-16 14:46:12,878 INFO o.s.t.c.s.AnnotationConfigContextLoaderUtils [Test worker] Could not detect default configuration classes for test class [CSCI5308.GroupFormationTool.PasswordValidationTest.PasswordHistoryValidatorTest]: PasswordHistoryValidatorTest does not declare any static, non-private, non-final, nested classes annotated with @Configuration.
2020-07-16 14:46:12,879 INFO o.s.b.t.c.SpringBootTestContextBootstrapper [Test worker] Found @SpringBootConfiguration CSCI5308.GroupFormationTool.GroupFormationToolApplication for test class CSCI5308.GroupFormationTool.PasswordValidationTest.PasswordHistoryValidatorTest
2020-07-16 14:46:12,880 INFO o.s.t.c.s.AbstractTestContextBootstrapper [Test worker] Loaded default TestExecutionListener class names from location [META-INF/spring.factories]: [org.springframework.security.test.context.support.WithSecurityContextTestExecutionListener, org.springframework.security.test.context.support.ReactorContextTestExecutionListener, org.springframework.boot.test.autoconfigure.restdocs.RestDocsTestExecutionListener, org.springframework.boot.test.autoconfigure.web.client.MockRestServiceServerResetTestExecutionListener, org.springframework.boot.test.autoconfigure.web.servlet.MockMvcPrintOnlyOnFailureTestExecutionListener, org.springframework.boot.test.autoconfigure.web.servlet.WebDriverTestExecutionListener, org.springframework.boot.test.mock.mockito.MockitoTestExecutionListener, org.springframework.boot.test.mock.mockito.ResetMocksTestExecutionListener, org.springframework.test.context.web.ServletTestExecutionListener, org.springframework.test.context.support.DirtiesContextBeforeModesTestExecutionListener, org.springframework.test.context.support.DependencyInjectionTestExecutionListener, org.springframework.test.context.support.DirtiesContextTestExecutionListener, org.springframework.test.context.transaction.TransactionalTestExecutionListener, org.springframework.test.context.jdbc.SqlScriptsTestExecutionListener, org.springframework.test.context.event.EventPublishingTestExecutionListener]
2020-07-16 14:46:12,881 INFO o.s.t.c.s.AbstractTestContextBootstrapper [Test worker] Using TestExecutionListeners: [org.springframework.test.context.web.ServletTestExecutionListener@7a5d342b, org.springframework.test.context.support.DirtiesContextBeforeModesTestExecutionListener@2c2632fb, org.springframework.boot.test.mock.mockito.MockitoTestExecutionListener@69cd6bea, org.springframework.boot.test.autoconfigure.SpringBootDependencyInjectionTestExecutionListener@1528bc14, org.springframework.test.context.support.DirtiesContextTestExecutionListener@6c73ef6, org.springframework.security.test.context.support.WithSecurityContextTestExecutionListener@1b6b753f, org.springframework.test.context.event.EventPublishingTestExecutionListener@197bcf83, org.springframework.security.test.context.support.ReactorContextTestExecutionListener@496318a4, org.springframework.boot.test.autoconfigure.restdocs.RestDocsTestExecutionListener@76ecbff0, org.springframework.boot.test.autoconfigure.web.client.MockRestServiceServerResetTestExecutionListener@36eefe9f, org.springframework.boot.test.autoconfigure.web.servlet.MockMvcPrintOnlyOnFailureTestExecutionListener@712e3816, org.springframework.boot.test.autoconfigure.web.servlet.WebDriverTestExecutionListener@2059a8af, org.springframework.boot.test.mock.mockito.ResetMocksTestExecutionListener@3359906b]
2020-07-16 14:46:12,886 INFO o.s.t.c.s.AbstractTestContextBootstrapper [Test worker] Neither @ContextConfiguration nor @ContextHierarchy found for test class [CSCI5308.GroupFormationTool.PasswordValidationTest.PasswordValidatorEnumeratorTest], using SpringBootContextLoader
2020-07-16 14:46:12,887 INFO o.s.t.c.s.AbstractContextLoader [Test worker] Could not detect default resource locations for test class [CSCI5308.GroupFormationTool.PasswordValidationTest.PasswordValidatorEnumeratorTest]: no resource found for suffixes {-context.xml, Context.groovy}.
2020-07-16 14:46:12,887 INFO o.s.t.c.s.AnnotationConfigContextLoaderUtils [Test worker] Could not detect default configuration classes for test class [CSCI5308.GroupFormationTool.PasswordValidationTest.PasswordValidatorEnumeratorTest]: PasswordValidatorEnumeratorTest does not declare any static, non-private, non-final, nested classes annotated with @Configuration.
2020-07-16 14:46:12,888 INFO o.s.b.t.c.SpringBootTestContextBootstrapper [Test worker] Found @SpringBootConfiguration CSCI5308.GroupFormationTool.GroupFormationToolApplication for test class CSCI5308.GroupFormationTool.PasswordValidationTest.PasswordValidatorEnumeratorTest
2020-07-16 14:46:12,889 INFO o.s.t.c.s.AbstractTestContextBootstrapper [Test worker] Loaded default TestExecutionListener class names from location [META-INF/spring.factories]: [org.springframework.security.test.context.support.WithSecurityContextTestExecutionListener, org.springframework.security.test.context.support.ReactorContextTestExecutionListener, org.springframework.boot.test.autoconfigure.restdocs.RestDocsTestExecutionListener, org.springframework.boot.test.autoconfigure.web.client.MockRestServiceServerResetTestExecutionListener, org.springframework.boot.test.autoconfigure.web.servlet.MockMvcPrintOnlyOnFailureTestExecutionListener, org.springframework.boot.test.autoconfigure.web.servlet.WebDriverTestExecutionListener, org.springframework.boot.test.mock.mockito.MockitoTestExecutionListener, org.springframework.boot.test.mock.mockito.ResetMocksTestExecutionListener, org.springframework.test.context.web.ServletTestExecutionListener, org.springframework.test.context.support.DirtiesContextBeforeModesTestExecutionListener, org.springframework.test.context.support.DependencyInjectionTestExecutionListener, org.springframework.test.context.support.DirtiesContextTestExecutionListener, org.springframework.test.context.transaction.TransactionalTestExecutionListener, org.springframework.test.context.jdbc.SqlScriptsTestExecutionListener, org.springframework.test.context.event.EventPublishingTestExecutionListener]
2020-07-16 14:46:12,890 INFO o.s.t.c.s.AbstractTestContextBootstrapper [Test worker] Using TestExecutionListeners: [org.springframework.test.context.web.ServletTestExecutionListener@1f1d3065, org.springframework.test.context.support.DirtiesContextBeforeModesTestExecutionListener@60b82125, org.springframework.boot.test.mock.mockito.MockitoTestExecutionListener@68829f9, org.springframework.boot.test.autoconfigure.SpringBootDependencyInjectionTestExecutionListener@13639d35, org.springframework.test.context.support.DirtiesContextTestExecutionListener@650b1924, org.springframework.security.test.context.support.WithSecurityContextTestExecutionListener@441bbda9, org.springframework.test.context.event.EventPublishingTestExecutionListener@39b9332, org.springframework.security.test.context.support.ReactorContextTestExecutionListener@c1e2c41, org.springframework.boot.test.autoconfigure.restdocs.RestDocsTestExecutionListener@3161d6df, org.springframework.boot.test.autoconfigure.web.client.MockRestServiceServerResetTestExecutionListener@280ec3af, org.springframework.boot.test.autoconfigure.web.servlet.MockMvcPrintOnlyOnFailureTestExecutionListener@77d3c79f, org.springframework.boot.test.autoconfigure.web.servlet.WebDriverTestExecutionListener@a528100, org.springframework.boot.test.mock.mockito.ResetMocksTestExecutionListener@353a79bb]
2020-07-16 14:46:12,899 INFO o.s.t.c.s.AbstractTestContextBootstrapper [Test worker] Neither @ContextConfiguration nor @ContextHierarchy found for test class [CSCI5308.GroupFormationTool.CoursesTest.CourseUserRelationshipTest], using SpringBootContextLoader
2020-07-16 14:46:12,900 INFO o.s.t.c.s.AbstractContextLoader [Test worker] Could not detect default resource locations for test class [CSCI5308.GroupFormationTool.CoursesTest.CourseUserRelationshipTest]: no resource found for suffixes {-context.xml, Context.groovy}.
2020-07-16 14:46:12,900 INFO o.s.t.c.s.AnnotationConfigContextLoaderUtils [Test worker] Could not detect default configuration classes for test class [CSCI5308.GroupFormationTool.CoursesTest.CourseUserRelationshipTest]: CourseUserRelationshipTest does not declare any static, non-private, non-final, nested classes annotated with @Configuration.
2020-07-16 14:46:12,905 INFO o.s.b.t.c.SpringBootTestContextBootstrapper [Test worker] Found @SpringBootConfiguration CSCI5308.GroupFormationTool.GroupFormationToolApplication for test class CSCI5308.GroupFormationTool.CoursesTest.CourseUserRelationshipTest
2020-07-16 14:46:12,907 INFO o.s.t.c.s.AbstractTestContextBootstrapper [Test worker] Loaded default TestExecutionListener class names from location [META-INF/spring.factories]: [org.springframework.security.test.context.support.WithSecurityContextTestExecutionListener, org.springframework.security.test.context.support.ReactorContextTestExecutionListener, org.springframework.boot.test.autoconfigure.restdocs.RestDocsTestExecutionListener, org.springframework.boot.test.autoconfigure.web.client.MockRestServiceServerResetTestExecutionListener, org.springframework.boot.test.autoconfigure.web.servlet.MockMvcPrintOnlyOnFailureTestExecutionListener, org.springframework.boot.test.autoconfigure.web.servlet.WebDriverTestExecutionListener, org.springframework.boot.test.mock.mockito.MockitoTestExecutionListener, org.springframework.boot.test.mock.mockito.ResetMocksTestExecutionListener, org.springframework.test.context.web.ServletTestExecutionListener, org.springframework.test.context.support.DirtiesContextBeforeModesTestExecutionListener, org.springframework.test.context.support.DependencyInjectionTestExecutionListener, org.springframework.test.context.support.DirtiesContextTestExecutionListener, org.springframework.test.context.transaction.TransactionalTestExecutionListener, org.springframework.test.context.jdbc.SqlScriptsTestExecutionListener, org.springframework.test.context.event.EventPublishingTestExecutionListener]
2020-07-16 14:46:12,908 INFO o.s.t.c.s.AbstractTestContextBootstrapper [Test worker] Using TestExecutionListeners: [org.springframework.test.context.web.ServletTestExecutionListener@58d4c219, org.springframework.test.context.support.DirtiesContextBeforeModesTestExecutionListener@6606d547, org.springframework.boot.test.mock.mockito.MockitoTestExecutionListener@1fabd6eb, org.springframework.boot.test.autoconfigure.SpringBootDependencyInjectionTestExecutionListener@65d54581, org.springframework.test.context.support.DirtiesContextTestExecutionListener@1b6f8728, org.springframework.security.test.context.support.WithSecurityContextTestExecutionListener@4b13c5ef, org.springframework.test.context.event.EventPublishingTestExecutionListener@ace4ee8, org.springframework.security.test.context.support.ReactorContextTestExecutionListener@45f8fb7d, org.springframework.boot.test.autoconfigure.restdocs.RestDocsTestExecutionListener@22c9722d, org.springframework.boot.test.autoconfigure.web.client.MockRestServiceServerResetTestExecutionListener@77a0e726, org.springframework.boot.test.autoconfigure.web.servlet.MockMvcPrintOnlyOnFailureTestExecutionListener@f614e34, org.springframework.boot.test.autoconfigure.web.servlet.WebDriverTestExecutionListener@d406fb6, org.springframework.boot.test.mock.mockito.ResetMocksTestExecutionListener@64f13c29]
2020-07-16 14:46:13,491 INFO C.G.A.UserDB [Test worker] Operation = LoadUserByBannerID, Status = Success, RowCount:0
2020-07-16 14:46:14,657 INFO C.G.A.UserDB [Test worker] Operation = LoadUserByBannerID, Status = Success, RowCount:0
2020-07-16 14:46:14,905 INFO C.G.A.UserDB [Test worker] Operation = LoadUserByBannerID, Status = Success, RowCount:0
2020-07-16 14:46:14,913 INFO o.s.t.c.s.AbstractTestContextBootstrapper [Test worker] Neither @ContextConfiguration nor @ContextHierarchy found for test class [CSCI5308.GroupFormationTool.CoursesTest.CourseAdminControllerTest], using SpringBootContextLoader
2020-07-16 14:46:14,915 INFO o.s.t.c.s.AbstractContextLoader [Test worker] Could not detect default resource locations for test class [CSCI5308.GroupFormationTool.CoursesTest.CourseAdminControllerTest]: no resource found for suffixes {-context.xml, Context.groovy}.
2020-07-16 14:46:14,915 INFO o.s.t.c.s.AnnotationConfigContextLoaderUtils [Test worker] Could not detect default configuration classes for test class [CSCI5308.GroupFormationTool.CoursesTest.CourseAdminControllerTest]: CourseAdminControllerTest does not declare any static, non-private, non-final, nested classes annotated with @Configuration.
2020-07-16 14:46:14,924 INFO o.s.b.t.c.SpringBootTestContextBootstrapper [Test worker] Found @SpringBootConfiguration CSCI5308.GroupFormationTool.GroupFormationToolApplication for test class CSCI5308.GroupFormationTool.CoursesTest.CourseAdminControllerTest
2020-07-16 14:46:14,926 INFO o.s.t.c.s.AbstractTestContextBootstrapper [Test worker] Loaded default TestExecutionListener class names from location [META-INF/spring.factories]: [org.springframework.security.test.context.support.WithSecurityContextTestExecutionListener, org.springframework.security.test.context.support.ReactorContextTestExecutionListener, org.springframework.boot.test.autoconfigure.restdocs.RestDocsTestExecutionListener, org.springframework.boot.test.autoconfigure.web.client.MockRestServiceServerResetTestExecutionListener, org.springframework.boot.test.autoconfigure.web.servlet.MockMvcPrintOnlyOnFailureTestExecutionListener, org.springframework.boot.test.autoconfigure.web.servlet.WebDriverTestExecutionListener, org.springframework.boot.test.mock.mockito.MockitoTestExecutionListener, org.springframework.boot.test.mock.mockito.ResetMocksTestExecutionListener, org.springframework.test.context.web.ServletTestExecutionListener, org.springframework.test.context.support.DirtiesContextBeforeModesTestExecutionListener, org.springframework.test.context.support.DependencyInjectionTestExecutionListener, org.springframework.test.context.support.DirtiesContextTestExecutionListener, org.springframework.test.context.transaction.TransactionalTestExecutionListener, org.springframework.test.context.jdbc.SqlScriptsTestExecutionListener, org.springframework.test.context.event.EventPublishingTestExecutionListener]
2020-07-16 14:46:14,927 INFO o.s.t.c.s.AbstractTestContextBootstrapper [Test worker] Using TestExecutionListeners: [org.springframework.test.context.web.ServletTestExecutionListener@4df88fd9, org.springframework.test.context.support.DirtiesContextBeforeModesTestExecutionListener@5a88dda6, org.springframework.boot.test.mock.mockito.MockitoTestExecutionListener@22c01438, org.springframework.boot.test.autoconfigure.SpringBootDependencyInjectionTestExecutionListener@3c1edb53, org.springframework.test.context.support.DirtiesContextTestExecutionListener@35111d4e, org.springframework.security.test.context.support.WithSecurityContextTestExecutionListener@296883a7, org.springframework.test.context.event.EventPublishingTestExecutionListener@b2b2366, org.springframework.security.test.context.support.ReactorContextTestExecutionListener@4125b513, org.springframework.boot.test.autoconfigure.restdocs.RestDocsTestExecutionListener@7ce32b14, org.springframework.boot.test.autoconfigure.web.client.MockRestServiceServerResetTestExecutionListener@117bea94, org.springframework.boot.test.autoconfigure.web.servlet.MockMvcPrintOnlyOnFailureTestExecutionListener@4399dbce, org.springframework.boot.test.autoconfigure.web.servlet.WebDriverTestExecutionListener@2f787383, org.springframework.boot.test.mock.mockito.ResetMocksTestExecutionListener@4aa646f3]
2020-07-16 14:46:14,948 INFO o.s.b.StartupInfoLogger [Test worker] Starting CourseAdminControllerTest on Manpreets-MacBook-Pro.local with PID 58432 (started by manpreetsingh in /Users/manpreetsingh/Documents/gitASDC/group21)
2020-07-16 14:46:14,949 INFO o.s.b.SpringApplication [Test worker] No active profile set, falling back to default profiles: default
2020-07-16 14:46:15,177 INFO o.s.s.w.DefaultSecurityFilterChain [Test worker] Creating filter chain: Ant [pattern='/resources/**'], []
2020-07-16 14:46:15,222 INFO o.s.s.w.DefaultSecurityFilterChain [Test worker] Creating filter chain: any request, [org.springframework.security.web.context.request.async.WebAsyncManagerIntegrationFilter@7734bb04, org.springframework.security.web.context.SecurityContextPersistenceFilter@78d6c36f, org.springframework.security.web.header.HeaderWriterFilter@4936ac59, org.springframework.security.web.csrf.CsrfFilter@12b5681a, org.springframework.security.web.authentication.logout.LogoutFilter@59dac0fb, org.springframework.security.web.authentication.UsernamePasswordAuthenticationFilter@68c6fcce, org.springframework.security.web.savedrequest.RequestCacheAwareFilter@7e49c0e4, org.springframework.security.web.servletapi.SecurityContextHolderAwareRequestFilter@2e1ff10, org.springframework.security.web.authentication.AnonymousAuthenticationFilter@528ac25d, org.springframework.security.web.session.SessionManagementFilter@419a96fe, org.springframework.security.web.access.ExceptionTranslationFilter@b31b504, org.springframework.security.web.access.intercept.FilterSecurityInterceptor@4dadab92]
2020-07-16 14:46:15,332 INFO o.s.s.c.ExecutorConfigurationSupport [Test worker] Initializing ExecutorService 'applicationTaskExecutor'
2020-07-16 14:46:15,370 INFO o.s.b.a.w.s.WelcomePageHandlerMapping [Test worker] Adding welcome page template: index
2020-07-16 14:46:15,499 INFO o.s.m.w.MockServletContext [Test worker] Initializing Spring TestDispatcherServlet ''
2020-07-16 14:46:15,499 INFO o.s.w.s.FrameworkServlet [Test worker] Initializing Servlet ''
2020-07-16 14:46:15,507 INFO o.s.w.s.FrameworkServlet [Test worker] Completed initialization in 8 ms
2020-07-16 14:46:15,513 INFO o.s.b.StartupInfoLogger [Test worker] Started CourseAdminControllerTest in 0.583 seconds (JVM running for 7.431)
2020-07-16 14:46:16,789 INFO C.G.C.CourseDB [Test worker] Operation = FetchAllCourses, Status = Success, RowCount=47
2020-07-16 14:46:19,079 ERROR C.G.C.CourseUserRelationshipDB [Test worker] Status = Failed, Error Message=Cannot add or update a child row: a foreign key constraint fails (`CSCI5308_21_TEST`.`CourseRole`, CONSTRAINT `CourseRole_ibfk_1` FOREIGN KEY (`courseID`) REFERENCES `Course` (`id`))
2020-07-16 14:46:19,080 INFO C.G.C.CourseAdminController [Test worker] Instructor Assigned:[1]for Course: 1
2020-07-16 14:46:20,977 INFO C.G.C.CourseDB [Test worker] Operation = Course Created, Status = Success, CourseID=-1
2020-07-16 14:46:20,978 INFO C.G.C.CourseAdminController [Test worker] Course Created :Abcd
2020-07-16 14:46:21,248 INFO C.G.C.CourseDB [Test worker] Operation = FetchAllCourses, Status = Success, RowCount=48
2020-07-16 14:46:22,274 INFO C.G.C.CourseDB [Test worker] Operation = DeleteCourse, Status = Success, RowCount=121
2020-07-16 14:46:22,276 INFO C.G.C.CourseAdminController [Test worker] Course Deleted :121
2020-07-16 14:46:22,293 INFO o.s.t.c.s.AbstractTestContextBootstrapper [Test worker] Neither @ContextConfiguration nor @ContextHierarchy found for test class [CSCI5308.GroupFormationTool.CoursesTest.InstructorAdminControllerTest], using SpringBootContextLoader
2020-07-16 14:46:22,296 INFO o.s.t.c.s.AbstractContextLoader [Test worker] Could not detect default resource locations for test class [CSCI5308.GroupFormationTool.CoursesTest.InstructorAdminControllerTest]: no resource found for suffixes {-context.xml, Context.groovy}.
2020-07-16 14:46:22,296 INFO o.s.t.c.s.AnnotationConfigContextLoaderUtils [Test worker] Could not detect default configuration classes for test class [CSCI5308.GroupFormationTool.CoursesTest.InstructorAdminControllerTest]: InstructorAdminControllerTest does not declare any static, non-private, non-final, nested classes annotated with @Configuration.
2020-07-16 14:46:22,299 INFO o.s.b.t.c.SpringBootTestContextBootstrapper [Test worker] Found @SpringBootConfiguration CSCI5308.GroupFormationTool.GroupFormationToolApplication for test class CSCI5308.GroupFormationTool.CoursesTest.InstructorAdminControllerTest
2020-07-16 14:46:22,300 INFO o.s.t.c.s.AbstractTestContextBootstrapper [Test worker] Loaded default TestExecutionListener class names from location [META-INF/spring.factories]: [org.springframework.security.test.context.support.WithSecurityContextTestExecutionListener, org.springframework.security.test.context.support.ReactorContextTestExecutionListener, org.springframework.boot.test.autoconfigure.restdocs.RestDocsTestExecutionListener, org.springframework.boot.test.autoconfigure.web.client.MockRestServiceServerResetTestExecutionListener, org.springframework.boot.test.autoconfigure.web.servlet.MockMvcPrintOnlyOnFailureTestExecutionListener, org.springframework.boot.test.autoconfigure.web.servlet.WebDriverTestExecutionListener, org.springframework.boot.test.mock.mockito.MockitoTestExecutionListener, org.springframework.boot.test.mock.mockito.ResetMocksTestExecutionListener, org.springframework.test.context.web.ServletTestExecutionListener, org.springframework.test.context.support.DirtiesContextBeforeModesTestExecutionListener, org.springframework.test.context.support.DependencyInjectionTestExecutionListener, org.springframework.test.context.support.DirtiesContextTestExecutionListener, org.springframework.test.context.transaction.TransactionalTestExecutionListener, org.springframework.test.context.jdbc.SqlScriptsTestExecutionListener, org.springframework.test.context.event.EventPublishingTestExecutionListener]
2020-07-16 14:46:22,302 INFO o.s.t.c.s.AbstractTestContextBootstrapper [Test worker] Using TestExecutionListeners: [org.springframework.test.context.web.ServletTestExecutionListener@57de95fa, org.springframework.test.context.support.DirtiesContextBeforeModesTestExecutionListener@717fc423, org.springframework.boot.test.mock.mockito.MockitoTestExecutionListener@3ce2af73, org.springframework.boot.test.autoconfigure.SpringBootDependencyInjectionTestExecutionListener@c12a65b, org.springframework.test.context.support.DirtiesContextTestExecutionListener@2fc09366, org.springframework.security.test.context.support.WithSecurityContextTestExecutionListener@20110461, org.springframework.test.context.event.EventPublishingTestExecutionListener@921ae27, org.springframework.security.test.context.support.ReactorContextTestExecutionListener@1098e126, org.springframework.boot.test.autoconfigure.restdocs.RestDocsTestExecutionListener@3b681bf0, org.springframework.boot.test.autoconfigure.web.client.MockRestServiceServerResetTestExecutionListener@13f232f0, org.springframework.boot.test.autoconfigure.web.servlet.MockMvcPrintOnlyOnFailureTestExecutionListener@1726f63f, org.springframework.boot.test.autoconfigure.web.servlet.WebDriverTestExecutionListener@4060a42c, org.springframework.boot.test.mock.mockito.ResetMocksTestExecutionListener@3b2c804b]
2020-07-16 14:46:22,310 INFO C.G.C.InstructorAdminController [Test worker] Loading course:121using course DB
2020-07-16 14:46:22,527 ERROR C.G.C.CourseDB [Test worker] Status = Failed, Error Message=null
2020-07-16 14:46:22,528 INFO C.G.C.Course [Test worker] Checking if  user has Role :Instructor for the given course
2020-07-16 14:46:22,529 INFO C.G.A.CurrentUser [Test worker] Calling security Context Holder to check if user is authenticated
2020-07-16 14:46:22,529 INFO C.G.A.CurrentUser [Test worker] checking if current user is Valid user
2020-07-16 14:46:22,762 ERROR C.G.A.UserDB [Test worker] Status = Failed, Error Message=Data truncation: Data too long for column 'bannerID' at row 45
2020-07-16 14:46:22,764 ERROR C.G.C.CourseUserRelationship [Test worker] User is Invalid
2020-07-16 14:46:22,765 INFO C.G.C.Course [Test worker] Checking if  user has Role :TA for the given course
2020-07-16 14:46:22,765 INFO C.G.A.CurrentUser [Test worker] Calling security Context Holder to check if user is authenticated
2020-07-16 14:46:22,767 INFO C.G.A.CurrentUser [Test worker] checking if current user is Valid user
2020-07-16 14:46:22,995 ERROR C.G.A.UserDB [Test worker] Status = Failed, Error Message=Data truncation: Data too long for column 'bannerID' at row 45
2020-07-16 14:46:22,995 ERROR C.G.C.CourseUserRelationship [Test worker] User is Invalid
2020-07-16 14:46:23,031 INFO C.G.C.InstructorAdminController [Test worker] Loading course:121using course DB
2020-07-16 14:46:23,309 ERROR C.G.C.CourseDB [Test worker] Status = Failed, Error Message=null
2020-07-16 14:46:23,310 INFO C.G.C.Course [Test worker] Checking if  user has Role :Instructor for the given course
2020-07-16 14:46:23,311 INFO C.G.A.CurrentUser [Test worker] Calling security Context Holder to check if user is authenticated
2020-07-16 14:46:23,311 INFO C.G.A.CurrentUser [Test worker] checking if current user is Valid user
2020-07-16 14:46:24,271 ERROR C.G.A.UserDB [Test worker] Status = Failed, Error Message=Data truncation: Data too long for column 'bannerID' at row 45
2020-07-16 14:46:24,272 ERROR C.G.C.CourseUserRelationship [Test worker] User is Invalid
2020-07-16 14:46:24,273 INFO C.G.C.Course [Test worker] Checking if  user has Role :TA for the given course
2020-07-16 14:46:24,273 INFO C.G.A.CurrentUser [Test worker] Calling security Context Holder to check if user is authenticated
2020-07-16 14:46:24,274 INFO C.G.A.CurrentUser [Test worker] checking if current user is Valid user
2020-07-16 14:46:24,505 ERROR C.G.A.UserDB [Test worker] Status = Failed, Error Message=Data truncation: Data too long for column 'bannerID' at row 45
2020-07-16 14:46:24,506 ERROR C.G.C.CourseUserRelationship [Test worker] User is Invalid
2020-07-16 14:46:24,526 INFO C.G.C.InstructorAdminController [Test worker] Loading course:121using course DB
2020-07-16 14:46:24,837 ERROR C.G.C.CourseDB [Test worker] Status = Failed, Error Message=null
2020-07-16 14:46:24,838 INFO C.G.C.Course [Test worker] Checking if  user has Role :Instructor for the given course
2020-07-16 14:46:24,838 INFO C.G.A.CurrentUser [Test worker] Calling security Context Holder to check if user is authenticated
2020-07-16 14:46:24,839 INFO C.G.A.CurrentUser [Test worker] checking if current user is Valid user
2020-07-16 14:46:25,077 ERROR C.G.A.UserDB [Test worker] Status = Failed, Error Message=Data truncation: Data too long for column 'bannerID' at row 45
2020-07-16 14:46:25,078 ERROR C.G.C.CourseUserRelationship [Test worker] User is Invalid
2020-07-16 14:46:25,079 INFO C.G.C.Course [Test worker] Checking if  user has Role :TA for the given course
2020-07-16 14:46:25,080 INFO C.G.A.CurrentUser [Test worker] Calling security Context Holder to check if user is authenticated
2020-07-16 14:46:25,081 INFO C.G.A.CurrentUser [Test worker] checking if current user is Valid user
2020-07-16 14:46:25,414 ERROR C.G.A.UserDB [Test worker] Status = Failed, Error Message=Data truncation: Data too long for column 'bannerID' at row 45
2020-07-16 14:46:25,415 ERROR C.G.C.CourseUserRelationship [Test worker] User is Invalid
2020-07-16 14:46:25,430 INFO o.s.t.c.s.AbstractTestContextBootstrapper [Test worker] Neither @ContextConfiguration nor @ContextHierarchy found for test class [CSCI5308.GroupFormationTool.CoursesTest.CourseTest], using SpringBootContextLoader
2020-07-16 14:46:25,433 INFO o.s.t.c.s.AbstractContextLoader [Test worker] Could not detect default resource locations for test class [CSCI5308.GroupFormationTool.CoursesTest.CourseTest]: no resource found for suffixes {-context.xml, Context.groovy}.
2020-07-16 14:46:25,433 INFO o.s.t.c.s.AnnotationConfigContextLoaderUtils [Test worker] Could not detect default configuration classes for test class [CSCI5308.GroupFormationTool.CoursesTest.CourseTest]: CourseTest does not declare any static, non-private, non-final, nested classes annotated with @Configuration.
2020-07-16 14:46:25,435 INFO o.s.b.t.c.SpringBootTestContextBootstrapper [Test worker] Found @SpringBootConfiguration CSCI5308.GroupFormationTool.GroupFormationToolApplication for test class CSCI5308.GroupFormationTool.CoursesTest.CourseTest
2020-07-16 14:46:25,437 INFO o.s.t.c.s.AbstractTestContextBootstrapper [Test worker] Loaded default TestExecutionListener class names from location [META-INF/spring.factories]: [org.springframework.security.test.context.support.WithSecurityContextTestExecutionListener, org.springframework.security.test.context.support.ReactorContextTestExecutionListener, org.springframework.boot.test.autoconfigure.restdocs.RestDocsTestExecutionListener, org.springframework.boot.test.autoconfigure.web.client.MockRestServiceServerResetTestExecutionListener, org.springframework.boot.test.autoconfigure.web.servlet.MockMvcPrintOnlyOnFailureTestExecutionListener, org.springframework.boot.test.autoconfigure.web.servlet.WebDriverTestExecutionListener, org.springframework.boot.test.mock.mockito.MockitoTestExecutionListener, org.springframework.boot.test.mock.mockito.ResetMocksTestExecutionListener, org.springframework.test.context.web.ServletTestExecutionListener, org.springframework.test.context.support.DirtiesContextBeforeModesTestExecutionListener, org.springframework.test.context.support.DependencyInjectionTestExecutionListener, org.springframework.test.context.support.DirtiesContextTestExecutionListener, org.springframework.test.context.transaction.TransactionalTestExecutionListener, org.springframework.test.context.jdbc.SqlScriptsTestExecutionListener, org.springframework.test.context.event.EventPublishingTestExecutionListener]
2020-07-16 14:46:25,438 INFO o.s.t.c.s.AbstractTestContextBootstrapper [Test worker] Using TestExecutionListeners: [org.springframework.test.context.web.ServletTestExecutionListener@2ee637b8, org.springframework.test.context.support.DirtiesContextBeforeModesTestExecutionListener@52c68945, org.springframework.boot.test.mock.mockito.MockitoTestExecutionListener@2536a0d8, org.springframework.boot.test.autoconfigure.SpringBootDependencyInjectionTestExecutionListener@390e46a1, org.springframework.test.context.support.DirtiesContextTestExecutionListener@264afdcf, org.springframework.security.test.context.support.WithSecurityContextTestExecutionListener@4020c4e2, org.springframework.test.context.event.EventPublishingTestExecutionListener@50809c5e, org.springframework.security.test.context.support.ReactorContextTestExecutionListener@1b70f3a1, org.springframework.boot.test.autoconfigure.restdocs.RestDocsTestExecutionListener@6a25d185, org.springframework.boot.test.autoconfigure.web.client.MockRestServiceServerResetTestExecutionListener@2c641ff7, org.springframework.boot.test.autoconfigure.web.servlet.MockMvcPrintOnlyOnFailureTestExecutionListener@78d20449, org.springframework.boot.test.autoconfigure.web.servlet.WebDriverTestExecutionListener@64a31d09, org.springframework.boot.test.mock.mockito.ResetMocksTestExecutionListener@20ce51e1]
2020-07-16 14:46:25,462 INFO o.s.t.c.s.AbstractTestContextBootstrapper [Test worker] Neither @ContextConfiguration nor @ContextHierarchy found for test class [CSCI5308.GroupFormationTool.CoursesTest.StudentCSVParserTest], using SpringBootContextLoader
2020-07-16 14:46:25,463 INFO o.s.t.c.s.AbstractContextLoader [Test worker] Could not detect default resource locations for test class [CSCI5308.GroupFormationTool.CoursesTest.StudentCSVParserTest]: no resource found for suffixes {-context.xml, Context.groovy}.
2020-07-16 14:46:25,463 INFO o.s.t.c.s.AnnotationConfigContextLoaderUtils [Test worker] Could not detect default configuration classes for test class [CSCI5308.GroupFormationTool.CoursesTest.StudentCSVParserTest]: StudentCSVParserTest does not declare any static, non-private, non-final, nested classes annotated with @Configuration.
2020-07-16 14:46:25,465 INFO o.s.b.t.c.SpringBootTestContextBootstrapper [Test worker] Found @SpringBootConfiguration CSCI5308.GroupFormationTool.GroupFormationToolApplication for test class CSCI5308.GroupFormationTool.CoursesTest.StudentCSVParserTest
2020-07-16 14:46:25,467 INFO o.s.t.c.s.AbstractTestContextBootstrapper [Test worker] Loaded default TestExecutionListener class names from location [META-INF/spring.factories]: [org.springframework.security.test.context.support.WithSecurityContextTestExecutionListener, org.springframework.security.test.context.support.ReactorContextTestExecutionListener, org.springframework.boot.test.autoconfigure.restdocs.RestDocsTestExecutionListener, org.springframework.boot.test.autoconfigure.web.client.MockRestServiceServerResetTestExecutionListener, org.springframework.boot.test.autoconfigure.web.servlet.MockMvcPrintOnlyOnFailureTestExecutionListener, org.springframework.boot.test.autoconfigure.web.servlet.WebDriverTestExecutionListener, org.springframework.boot.test.mock.mockito.MockitoTestExecutionListener, org.springframework.boot.test.mock.mockito.ResetMocksTestExecutionListener, org.springframework.test.context.web.ServletTestExecutionListener, org.springframework.test.context.support.DirtiesContextBeforeModesTestExecutionListener, org.springframework.test.context.support.DependencyInjectionTestExecutionListener, org.springframework.test.context.support.DirtiesContextTestExecutionListener, org.springframework.test.context.transaction.TransactionalTestExecutionListener, org.springframework.test.context.jdbc.SqlScriptsTestExecutionListener, org.springframework.test.context.event.EventPublishingTestExecutionListener]
2020-07-16 14:46:25,468 INFO o.s.t.c.s.AbstractTestContextBootstrapper [Test worker] Using TestExecutionListeners: [org.springframework.test.context.web.ServletTestExecutionListener@2cd969a8, org.springframework.test.context.support.DirtiesContextBeforeModesTestExecutionListener@44c1c036, org.springframework.boot.test.mock.mockito.MockitoTestExecutionListener@3876d6f2, org.springframework.boot.test.autoconfigure.SpringBootDependencyInjectionTestExecutionListener@6a65d944, org.springframework.test.context.support.DirtiesContextTestExecutionListener@d967989, org.springframework.security.test.context.support.WithSecurityContextTestExecutionListener@471cd87d, org.springframework.test.context.event.EventPublishingTestExecutionListener@49d3472a, org.springframework.security.test.context.support.ReactorContextTestExecutionListener@db808ad, org.springframework.boot.test.autoconfigure.restdocs.RestDocsTestExecutionListener@33dc62a2, org.springframework.boot.test.autoconfigure.web.client.MockRestServiceServerResetTestExecutionListener@12228b94, org.springframework.boot.test.autoconfigure.web.servlet.MockMvcPrintOnlyOnFailureTestExecutionListener@419b74ed, org.springframework.boot.test.autoconfigure.web.servlet.WebDriverTestExecutionListener@cabe113, org.springframework.boot.test.mock.mockito.ResetMocksTestExecutionListener@5cb24b56]
2020-07-16 14:46:25,473 INFO o.s.t.c.s.AbstractTestContextBootstrapper [Test worker] Neither @ContextConfiguration nor @ContextHierarchy found for test class [CSCI5308.GroupFormationTool.CoursesTest.StudentCSVImportTest], using SpringBootContextLoader
2020-07-16 14:46:25,474 INFO o.s.t.c.s.AbstractContextLoader [Test worker] Could not detect default resource locations for test class [CSCI5308.GroupFormationTool.CoursesTest.StudentCSVImportTest]: no resource found for suffixes {-context.xml, Context.groovy}.
2020-07-16 14:46:25,475 INFO o.s.t.c.s.AnnotationConfigContextLoaderUtils [Test worker] Could not detect default configuration classes for test class [CSCI5308.GroupFormationTool.CoursesTest.StudentCSVImportTest]: StudentCSVImportTest does not declare any static, non-private, non-final, nested classes annotated with @Configuration.
2020-07-16 14:46:25,476 INFO o.s.b.t.c.SpringBootTestContextBootstrapper [Test worker] Found @SpringBootConfiguration CSCI5308.GroupFormationTool.GroupFormationToolApplication for test class CSCI5308.GroupFormationTool.CoursesTest.StudentCSVImportTest
2020-07-16 14:46:25,477 INFO o.s.t.c.s.AbstractTestContextBootstrapper [Test worker] Loaded default TestExecutionListener class names from location [META-INF/spring.factories]: [org.springframework.security.test.context.support.WithSecurityContextTestExecutionListener, org.springframework.security.test.context.support.ReactorContextTestExecutionListener, org.springframework.boot.test.autoconfigure.restdocs.RestDocsTestExecutionListener, org.springframework.boot.test.autoconfigure.web.client.MockRestServiceServerResetTestExecutionListener, org.springframework.boot.test.autoconfigure.web.servlet.MockMvcPrintOnlyOnFailureTestExecutionListener, org.springframework.boot.test.autoconfigure.web.servlet.WebDriverTestExecutionListener, org.springframework.boot.test.mock.mockito.MockitoTestExecutionListener, org.springframework.boot.test.mock.mockito.ResetMocksTestExecutionListener, org.springframework.test.context.web.ServletTestExecutionListener, org.springframework.test.context.support.DirtiesContextBeforeModesTestExecutionListener, org.springframework.test.context.support.DependencyInjectionTestExecutionListener, org.springframework.test.context.support.DirtiesContextTestExecutionListener, org.springframework.test.context.transaction.TransactionalTestExecutionListener, org.springframework.test.context.jdbc.SqlScriptsTestExecutionListener, org.springframework.test.context.event.EventPublishingTestExecutionListener]
2020-07-16 14:46:25,479 INFO o.s.t.c.s.AbstractTestContextBootstrapper [Test worker] Using TestExecutionListeners: [org.springframework.test.context.web.ServletTestExecutionListener@5aca157f, org.springframework.test.context.support.DirtiesContextBeforeModesTestExecutionListener@406c3ed7, org.springframework.boot.test.mock.mockito.MockitoTestExecutionListener@131cfcb0, org.springframework.boot.test.autoconfigure.SpringBootDependencyInjectionTestExecutionListener@5d3aed7e, org.springframework.test.context.support.DirtiesContextTestExecutionListener@57517a4b, org.springframework.security.test.context.support.WithSecurityContextTestExecutionListener@766a7cf0, org.springframework.test.context.event.EventPublishingTestExecutionListener@267f7f1, org.springframework.security.test.context.support.ReactorContextTestExecutionListener@83cabde, org.springframework.boot.test.autoconfigure.restdocs.RestDocsTestExecutionListener@54e31bb0, org.springframework.boot.test.autoconfigure.web.client.MockRestServiceServerResetTestExecutionListener@714b7020, org.springframework.boot.test.autoconfigure.web.servlet.MockMvcPrintOnlyOnFailureTestExecutionListener@4c2ec987, org.springframework.boot.test.autoconfigure.web.servlet.WebDriverTestExecutionListener@2121f987, org.springframework.boot.test.mock.mockito.ResetMocksTestExecutionListener@6dd35888]
2020-07-16 14:46:25,490 INFO C.G.A.User [Test worker] After validating user, passing details to UserDB for user creation
2020-07-16 14:46:25,490 INFO C.G.C.Course [Test worker] Calling enrollUserInCourse to enroll user: B00000000
2020-07-16 14:46:26,036 ERROR C.G.C.CourseUserRelationshipDB [Test worker] Status = Failed, Error Message=Cannot add or update a child row: a foreign key constraint fails (`CSCI5308_21_TEST`.`CourseRole`, CONSTRAINT `CourseRole_ibfk_1` FOREIGN KEY (`courseID`) REFERENCES `Course` (`id`))
2020-07-16 14:46:26,044 INFO o.s.t.c.s.AbstractTestContextBootstrapper [Test worker] Neither @ContextConfiguration nor @ContextHierarchy found for test class [CSCI5308.GroupFormationTool.CoursesTest.CourseControllerTest], using SpringBootContextLoader
2020-07-16 14:46:26,045 INFO o.s.t.c.s.AbstractContextLoader [Test worker] Could not detect default resource locations for test class [CSCI5308.GroupFormationTool.CoursesTest.CourseControllerTest]: no resource found for suffixes {-context.xml, Context.groovy}.
2020-07-16 14:46:26,046 INFO o.s.t.c.s.AnnotationConfigContextLoaderUtils [Test worker] Could not detect default configuration classes for test class [CSCI5308.GroupFormationTool.CoursesTest.CourseControllerTest]: CourseControllerTest does not declare any static, non-private, non-final, nested classes annotated with @Configuration.
2020-07-16 14:46:26,049 INFO o.s.b.t.c.SpringBootTestContextBootstrapper [Test worker] Found @SpringBootConfiguration CSCI5308.GroupFormationTool.GroupFormationToolApplication for test class CSCI5308.GroupFormationTool.CoursesTest.CourseControllerTest
2020-07-16 14:46:26,052 INFO o.s.t.c.s.AbstractTestContextBootstrapper [Test worker] Loaded default TestExecutionListener class names from location [META-INF/spring.factories]: [org.springframework.security.test.context.support.WithSecurityContextTestExecutionListener, org.springframework.security.test.context.support.ReactorContextTestExecutionListener, org.springframework.boot.test.autoconfigure.restdocs.RestDocsTestExecutionListener, org.springframework.boot.test.autoconfigure.web.client.MockRestServiceServerResetTestExecutionListener, org.springframework.boot.test.autoconfigure.web.servlet.MockMvcPrintOnlyOnFailureTestExecutionListener, org.springframework.boot.test.autoconfigure.web.servlet.WebDriverTestExecutionListener, org.springframework.boot.test.mock.mockito.MockitoTestExecutionListener, org.springframework.boot.test.mock.mockito.ResetMocksTestExecutionListener, org.springframework.test.context.web.ServletTestExecutionListener, org.springframework.test.context.support.DirtiesContextBeforeModesTestExecutionListener, org.springframework.test.context.support.DependencyInjectionTestExecutionListener, org.springframework.test.context.support.DirtiesContextTestExecutionListener, org.springframework.test.context.transaction.TransactionalTestExecutionListener, org.springframework.test.context.jdbc.SqlScriptsTestExecutionListener, org.springframework.test.context.event.EventPublishingTestExecutionListener]
2020-07-16 14:46:26,054 INFO o.s.t.c.s.AbstractTestContextBootstrapper [Test worker] Using TestExecutionListeners: [org.springframework.test.context.web.ServletTestExecutionListener@5a3246e5, org.springframework.test.context.support.DirtiesContextBeforeModesTestExecutionListener@4b33c235, org.springframework.boot.test.mock.mockito.MockitoTestExecutionListener@2d0aa69d, org.springframework.boot.test.autoconfigure.SpringBootDependencyInjectionTestExecutionListener@16e6c575, org.springframework.test.context.support.DirtiesContextTestExecutionListener@5eabbc22, org.springframework.security.test.context.support.WithSecurityContextTestExecutionListener@bdcefa8, org.springframework.test.context.event.EventPublishingTestExecutionListener@731a8e00, org.springframework.security.test.context.support.ReactorContextTestExecutionListener@5377207b, org.springframework.boot.test.autoconfigure.restdocs.RestDocsTestExecutionListener@50bedc9b, org.springframework.boot.test.autoconfigure.web.client.MockRestServiceServerResetTestExecutionListener@3c73d88b, org.springframework.boot.test.autoconfigure.web.servlet.MockMvcPrintOnlyOnFailureTestExecutionListener@1bbe3b8b, org.springframework.boot.test.autoconfigure.web.servlet.WebDriverTestExecutionListener@71a0a47f, org.springframework.boot.test.mock.mockito.ResetMocksTestExecutionListener@575ce4d4]
2020-07-16 14:46:27,276 INFO C.G.C.CourseDB [Test worker] Operation = FetchAllCourses, Status = Success, RowCount=48
2020-07-16 14:46:27,459 INFO o.s.m.w.MockServletContext [Test worker] Initializing Spring TestDispatcherServlet ''
2020-07-16 14:46:27,459 INFO o.s.w.s.FrameworkServlet [Test worker] Initializing Servlet ''
2020-07-16 14:46:27,459 INFO o.s.w.s.FrameworkServlet [Test worker] Completed initialization in 0 ms
2020-07-16 14:46:27,469 INFO C.G.R.Response [Test worker] Sorting the question list based on date created
2020-07-16 14:46:27,470 INFO C.G.R.ResponseController [Test worker] Loading Questions for CourseID = 121, Questions =[]
2020-07-16 14:46:27,481 INFO o.s.m.w.MockServletContext [Test worker] Initializing Spring TestDispatcherServlet ''
2020-07-16 14:46:27,481 INFO o.s.w.s.FrameworkServlet [Test worker] Initializing Servlet ''
2020-07-16 14:46:27,481 INFO o.s.w.s.FrameworkServlet [Test worker] Completed initialization in 0 ms
2020-07-16 14:46:27,483 INFO C.G.R.ResponseController [Test worker] Loaded Questions Without Options for CourseID = 121, Questions =[]
2020-07-16 14:46:27,483 INFO C.G.R.ResponseController [Test worker] Loaded Questions With Options for CourseID = 121, Questions =[]
2020-07-16 14:46:27,487 INFO C.G.R.Response [Test worker] Sorting the question list based on date created
2020-07-16 14:46:27,490 INFO o.s.t.c.s.AbstractTestContextBootstrapper [Test worker] Neither @ContextConfiguration nor @ContextHierarchy found for test class [CSCI5308.GroupFormationTool.GroupFormationToolApplicationTests], using SpringBootContextLoader
2020-07-16 14:46:27,491 INFO o.s.t.c.s.AbstractContextLoader [Test worker] Could not detect default resource locations for test class [CSCI5308.GroupFormationTool.GroupFormationToolApplicationTests]: no resource found for suffixes {-context.xml, Context.groovy}.
2020-07-16 14:46:27,491 INFO o.s.t.c.s.AnnotationConfigContextLoaderUtils [Test worker] Could not detect default configuration classes for test class [CSCI5308.GroupFormationTool.GroupFormationToolApplicationTests]: GroupFormationToolApplicationTests does not declare any static, non-private, non-final, nested classes annotated with @Configuration.
2020-07-16 14:46:27,495 INFO o.s.b.t.c.SpringBootTestContextBootstrapper [Test worker] Found @SpringBootConfiguration CSCI5308.GroupFormationTool.GroupFormationToolApplication for test class CSCI5308.GroupFormationTool.GroupFormationToolApplicationTests
2020-07-16 14:46:27,496 INFO o.s.t.c.s.AbstractTestContextBootstrapper [Test worker] Loaded default TestExecutionListener class names from location [META-INF/spring.factories]: [org.springframework.security.test.context.support.WithSecurityContextTestExecutionListener, org.springframework.security.test.context.support.ReactorContextTestExecutionListener, org.springframework.boot.test.autoconfigure.restdocs.RestDocsTestExecutionListener, org.springframework.boot.test.autoconfigure.web.client.MockRestServiceServerResetTestExecutionListener, org.springframework.boot.test.autoconfigure.web.servlet.MockMvcPrintOnlyOnFailureTestExecutionListener, org.springframework.boot.test.autoconfigure.web.servlet.WebDriverTestExecutionListener, org.springframework.boot.test.mock.mockito.MockitoTestExecutionListener, org.springframework.boot.test.mock.mockito.ResetMocksTestExecutionListener, org.springframework.test.context.web.ServletTestExecutionListener, org.springframework.test.context.support.DirtiesContextBeforeModesTestExecutionListener, org.springframework.test.context.support.DependencyInjectionTestExecutionListener, org.springframework.test.context.support.DirtiesContextTestExecutionListener, org.springframework.test.context.transaction.TransactionalTestExecutionListener, org.springframework.test.context.jdbc.SqlScriptsTestExecutionListener, org.springframework.test.context.event.EventPublishingTestExecutionListener]
2020-07-16 14:46:27,499 INFO o.s.t.c.s.AbstractTestContextBootstrapper [Test worker] Using TestExecutionListeners: [org.springframework.test.context.web.ServletTestExecutionListener@2f572001, org.springframework.test.context.support.DirtiesContextBeforeModesTestExecutionListener@726ec65, org.springframework.boot.test.mock.mockito.MockitoTestExecutionListener@1d246d56, org.springframework.boot.test.autoconfigure.SpringBootDependencyInjectionTestExecutionListener@46fbf950, org.springframework.test.context.support.DirtiesContextTestExecutionListener@503a8ea6, org.springframework.security.test.context.support.WithSecurityContextTestExecutionListener@60cf1500, org.springframework.test.context.event.EventPublishingTestExecutionListener@5e3f8a92, org.springframework.security.test.context.support.ReactorContextTestExecutionListener@4797d97c, org.springframework.boot.test.autoconfigure.restdocs.RestDocsTestExecutionListener@43dc2096, org.springframework.boot.test.autoconfigure.web.client.MockRestServiceServerResetTestExecutionListener@5ba35af8, org.springframework.boot.test.autoconfigure.web.servlet.MockMvcPrintOnlyOnFailureTestExecutionListener@79ea2004, org.springframework.boot.test.autoconfigure.web.servlet.WebDriverTestExecutionListener@4f4a7c, org.springframework.boot.test.mock.mockito.ResetMocksTestExecutionListener@22351273]
2020-07-16 14:46:27,513 INFO o.s.t.c.s.AbstractTestContextBootstrapper [Test worker] Neither @ContextConfiguration nor @ContextHierarchy found for test class [CSCI5308.GroupFormationTool.QuestionManager.QuestionManagerControllerTest], using SpringBootContextLoader
2020-07-16 14:46:27,514 INFO o.s.t.c.s.AbstractContextLoader [Test worker] Could not detect default resource locations for test class [CSCI5308.GroupFormationTool.QuestionManager.QuestionManagerControllerTest]: no resource found for suffixes {-context.xml, Context.groovy}.
2020-07-16 14:46:27,514 INFO o.s.t.c.s.AnnotationConfigContextLoaderUtils [Test worker] Could not detect default configuration classes for test class [CSCI5308.GroupFormationTool.QuestionManager.QuestionManagerControllerTest]: QuestionManagerControllerTest does not declare any static, non-private, non-final, nested classes annotated with @Configuration.
2020-07-16 14:46:27,531 INFO o.s.b.t.c.SpringBootTestContextBootstrapper [Test worker] Found @SpringBootConfiguration CSCI5308.GroupFormationTool.GroupFormationToolApplication for test class CSCI5308.GroupFormationTool.QuestionManager.QuestionManagerControllerTest
2020-07-16 14:46:27,532 INFO o.s.t.c.s.AbstractTestContextBootstrapper [Test worker] Loaded default TestExecutionListener class names from location [META-INF/spring.factories]: [org.springframework.security.test.context.support.WithSecurityContextTestExecutionListener, org.springframework.security.test.context.support.ReactorContextTestExecutionListener, org.springframework.boot.test.autoconfigure.restdocs.RestDocsTestExecutionListener, org.springframework.boot.test.autoconfigure.web.client.MockRestServiceServerResetTestExecutionListener, org.springframework.boot.test.autoconfigure.web.servlet.MockMvcPrintOnlyOnFailureTestExecutionListener, org.springframework.boot.test.autoconfigure.web.servlet.WebDriverTestExecutionListener, org.springframework.boot.test.mock.mockito.MockitoTestExecutionListener, org.springframework.boot.test.mock.mockito.ResetMocksTestExecutionListener, org.springframework.test.context.web.ServletTestExecutionListener, org.springframework.test.context.support.DirtiesContextBeforeModesTestExecutionListener, org.springframework.test.context.support.DependencyInjectionTestExecutionListener, org.springframework.test.context.support.DirtiesContextTestExecutionListener, org.springframework.test.context.transaction.TransactionalTestExecutionListener, org.springframework.test.context.jdbc.SqlScriptsTestExecutionListener, org.springframework.test.context.event.EventPublishingTestExecutionListener]
2020-07-16 14:46:27,533 INFO o.s.t.c.s.AbstractTestContextBootstrapper [Test worker] Using TestExecutionListeners: [org.springframework.test.context.web.ServletTestExecutionListener@3766c7ff, org.springframework.test.context.support.DirtiesContextBeforeModesTestExecutionListener@64353b17, org.springframework.boot.test.mock.mockito.MockitoTestExecutionListener@1fdd220b, org.springframework.boot.test.autoconfigure.SpringBootDependencyInjectionTestExecutionListener@733de645, org.springframework.test.context.support.DirtiesContextTestExecutionListener@72e58ee2, org.springframework.security.test.context.support.WithSecurityContextTestExecutionListener@3f45fe2a, org.springframework.test.context.event.EventPublishingTestExecutionListener@497e5eb3, org.springframework.security.test.context.support.ReactorContextTestExecutionListener@55ed9617, org.springframework.boot.test.autoconfigure.restdocs.RestDocsTestExecutionListener@ba180d6, org.springframework.boot.test.autoconfigure.web.client.MockRestServiceServerResetTestExecutionListener@1b859b26, org.springframework.boot.test.autoconfigure.web.servlet.MockMvcPrintOnlyOnFailureTestExecutionListener@20b5c523, org.springframework.boot.test.autoconfigure.web.servlet.WebDriverTestExecutionListener@1951b20c, org.springframework.boot.test.mock.mockito.ResetMocksTestExecutionListener@1ef136c0]
2020-07-16 14:46:28,014 INFO o.s.t.c.s.AbstractTestContextBootstrapper [Test worker] Neither @ContextConfiguration nor @ContextHierarchy found for test class [CSCI5308.GroupFormationTool.QuestionManager.QuestionAdminControllerTest], using SpringBootContextLoader
2020-07-16 14:46:28,015 INFO o.s.t.c.s.AbstractContextLoader [Test worker] Could not detect default resource locations for test class [CSCI5308.GroupFormationTool.QuestionManager.QuestionAdminControllerTest]: no resource found for suffixes {-context.xml, Context.groovy}.
2020-07-16 14:46:28,016 INFO o.s.t.c.s.AnnotationConfigContextLoaderUtils [Test worker] Could not detect default configuration classes for test class [CSCI5308.GroupFormationTool.QuestionManager.QuestionAdminControllerTest]: QuestionAdminControllerTest does not declare any static, non-private, non-final, nested classes annotated with @Configuration.
2020-07-16 14:46:28,018 INFO o.s.b.t.c.SpringBootTestContextBootstrapper [Test worker] Found @SpringBootConfiguration CSCI5308.GroupFormationTool.GroupFormationToolApplication for test class CSCI5308.GroupFormationTool.QuestionManager.QuestionAdminControllerTest
2020-07-16 14:46:28,020 INFO o.s.t.c.s.AbstractTestContextBootstrapper [Test worker] Loaded default TestExecutionListener class names from location [META-INF/spring.factories]: [org.springframework.security.test.context.support.WithSecurityContextTestExecutionListener, org.springframework.security.test.context.support.ReactorContextTestExecutionListener, org.springframework.boot.test.autoconfigure.restdocs.RestDocsTestExecutionListener, org.springframework.boot.test.autoconfigure.web.client.MockRestServiceServerResetTestExecutionListener, org.springframework.boot.test.autoconfigure.web.servlet.MockMvcPrintOnlyOnFailureTestExecutionListener, org.springframework.boot.test.autoconfigure.web.servlet.WebDriverTestExecutionListener, org.springframework.boot.test.mock.mockito.MockitoTestExecutionListener, org.springframework.boot.test.mock.mockito.ResetMocksTestExecutionListener, org.springframework.test.context.web.ServletTestExecutionListener, org.springframework.test.context.support.DirtiesContextBeforeModesTestExecutionListener, org.springframework.test.context.support.DependencyInjectionTestExecutionListener, org.springframework.test.context.support.DirtiesContextTestExecutionListener, org.springframework.test.context.transaction.TransactionalTestExecutionListener, org.springframework.test.context.jdbc.SqlScriptsTestExecutionListener, org.springframework.test.context.event.EventPublishingTestExecutionListener]
2020-07-16 14:46:28,021 INFO o.s.t.c.s.AbstractTestContextBootstrapper [Test worker] Using TestExecutionListeners: [org.springframework.test.context.web.ServletTestExecutionListener@2319d8b8, org.springframework.test.context.support.DirtiesContextBeforeModesTestExecutionListener@162bacf8, org.springframework.boot.test.mock.mockito.MockitoTestExecutionListener@604548b0, org.springframework.boot.test.autoconfigure.SpringBootDependencyInjectionTestExecutionListener@818cfb9, org.springframework.test.context.support.DirtiesContextTestExecutionListener@65a90a1a, org.springframework.security.test.context.support.WithSecurityContextTestExecutionListener@2eae263b, org.springframework.test.context.event.EventPublishingTestExecutionListener@6464eb96, org.springframework.security.test.context.support.ReactorContextTestExecutionListener@2acf95a4, org.springframework.boot.test.autoconfigure.restdocs.RestDocsTestExecutionListener@71bb33d, org.springframework.boot.test.autoconfigure.web.client.MockRestServiceServerResetTestExecutionListener@58dbd21b, org.springframework.boot.test.autoconfigure.web.servlet.MockMvcPrintOnlyOnFailureTestExecutionListener@1b20bacd, org.springframework.boot.test.autoconfigure.web.servlet.WebDriverTestExecutionListener@4d147eb8, org.springframework.boot.test.mock.mockito.ResetMocksTestExecutionListener@174cbe7c]
2020-07-16 14:46:28,455 INFO o.s.t.c.s.AbstractTestContextBootstrapper [Test worker] Neither @ContextConfiguration nor @ContextHierarchy found for test class [CSCI5308.GroupFormationTool.GroupFormationTest.GroupsTest], using SpringBootContextLoader
2020-07-16 14:46:28,456 INFO o.s.t.c.s.AbstractContextLoader [Test worker] Could not detect default resource locations for test class [CSCI5308.GroupFormationTool.GroupFormationTest.GroupsTest]: no resource found for suffixes {-context.xml, Context.groovy}.
2020-07-16 14:46:28,456 INFO o.s.t.c.s.AnnotationConfigContextLoaderUtils [Test worker] Could not detect default configuration classes for test class [CSCI5308.GroupFormationTool.GroupFormationTest.GroupsTest]: GroupsTest does not declare any static, non-private, non-final, nested classes annotated with @Configuration.
2020-07-16 14:46:28,462 INFO o.s.b.t.c.SpringBootTestContextBootstrapper [Test worker] Found @SpringBootConfiguration CSCI5308.GroupFormationTool.GroupFormationToolApplication for test class CSCI5308.GroupFormationTool.GroupFormationTest.GroupsTest
2020-07-16 14:46:28,463 INFO o.s.t.c.s.AbstractTestContextBootstrapper [Test worker] Loaded default TestExecutionListener class names from location [META-INF/spring.factories]: [org.springframework.security.test.context.support.WithSecurityContextTestExecutionListener, org.springframework.security.test.context.support.ReactorContextTestExecutionListener, org.springframework.boot.test.autoconfigure.restdocs.RestDocsTestExecutionListener, org.springframework.boot.test.autoconfigure.web.client.MockRestServiceServerResetTestExecutionListener, org.springframework.boot.test.autoconfigure.web.servlet.MockMvcPrintOnlyOnFailureTestExecutionListener, org.springframework.boot.test.autoconfigure.web.servlet.WebDriverTestExecutionListener, org.springframework.boot.test.mock.mockito.MockitoTestExecutionListener, org.springframework.boot.test.mock.mockito.ResetMocksTestExecutionListener, org.springframework.test.context.web.ServletTestExecutionListener, org.springframework.test.context.support.DirtiesContextBeforeModesTestExecutionListener, org.springframework.test.context.support.DependencyInjectionTestExecutionListener, org.springframework.test.context.support.DirtiesContextTestExecutionListener, org.springframework.test.context.transaction.TransactionalTestExecutionListener, org.springframework.test.context.jdbc.SqlScriptsTestExecutionListener, org.springframework.test.context.event.EventPublishingTestExecutionListener]
2020-07-16 14:46:28,464 INFO o.s.t.c.s.AbstractTestContextBootstrapper [Test worker] Using TestExecutionListeners: [org.springframework.test.context.web.ServletTestExecutionListener@3e34d8af, org.springframework.test.context.support.DirtiesContextBeforeModesTestExecutionListener@57a245c2, org.springframework.boot.test.mock.mockito.MockitoTestExecutionListener@165c9fed, org.springframework.boot.test.autoconfigure.SpringBootDependencyInjectionTestExecutionListener@5d572874, org.springframework.test.context.support.DirtiesContextTestExecutionListener@453e72d1, org.springframework.security.test.context.support.WithSecurityContextTestExecutionListener@f7b3e1, org.springframework.test.context.event.EventPublishingTestExecutionListener@72a6f7e5, org.springframework.security.test.context.support.ReactorContextTestExecutionListener@1656654d, org.springframework.boot.test.autoconfigure.restdocs.RestDocsTestExecutionListener@20c825ac, org.springframework.boot.test.autoconfigure.web.client.MockRestServiceServerResetTestExecutionListener@1d9de2ef, org.springframework.boot.test.autoconfigure.web.servlet.MockMvcPrintOnlyOnFailureTestExecutionListener@58c13766, org.springframework.boot.test.autoconfigure.web.servlet.WebDriverTestExecutionListener@7d985d3e, org.springframework.boot.test.mock.mockito.ResetMocksTestExecutionListener@1c9ce264]
2020-07-16 14:46:28,502 INFO o.s.t.c.s.AbstractTestContextBootstrapper [Test worker] Neither @ContextConfiguration nor @ContextHierarchy found for test class [CSCI5308.GroupFormationTool.SurveyTest.SurveyAdminControllerTest], using SpringBootContextLoader
2020-07-16 14:46:28,503 INFO o.s.t.c.s.AbstractContextLoader [Test worker] Could not detect default resource locations for test class [CSCI5308.GroupFormationTool.SurveyTest.SurveyAdminControllerTest]: no resource found for suffixes {-context.xml, Context.groovy}.
2020-07-16 14:46:28,503 INFO o.s.t.c.s.AnnotationConfigContextLoaderUtils [Test worker] Could not detect default configuration classes for test class [CSCI5308.GroupFormationTool.SurveyTest.SurveyAdminControllerTest]: SurveyAdminControllerTest does not declare any static, non-private, non-final, nested classes annotated with @Configuration.
2020-07-16 14:46:28,507 INFO o.s.b.t.c.SpringBootTestContextBootstrapper [Test worker] Found @SpringBootConfiguration CSCI5308.GroupFormationTool.GroupFormationToolApplication for test class CSCI5308.GroupFormationTool.SurveyTest.SurveyAdminControllerTest
2020-07-16 14:46:28,508 INFO o.s.t.c.s.AbstractTestContextBootstrapper [Test worker] Loaded default TestExecutionListener class names from location [META-INF/spring.factories]: [org.springframework.security.test.context.support.WithSecurityContextTestExecutionListener, org.springframework.security.test.context.support.ReactorContextTestExecutionListener, org.springframework.boot.test.autoconfigure.restdocs.RestDocsTestExecutionListener, org.springframework.boot.test.autoconfigure.web.client.MockRestServiceServerResetTestExecutionListener, org.springframework.boot.test.autoconfigure.web.servlet.MockMvcPrintOnlyOnFailureTestExecutionListener, org.springframework.boot.test.autoconfigure.web.servlet.WebDriverTestExecutionListener, org.springframework.boot.test.mock.mockito.MockitoTestExecutionListener, org.springframework.boot.test.mock.mockito.ResetMocksTestExecutionListener, org.springframework.test.context.web.ServletTestExecutionListener, org.springframework.test.context.support.DirtiesContextBeforeModesTestExecutionListener, org.springframework.test.context.support.DependencyInjectionTestExecutionListener, org.springframework.test.context.support.DirtiesContextTestExecutionListener, org.springframework.test.context.transaction.TransactionalTestExecutionListener, org.springframework.test.context.jdbc.SqlScriptsTestExecutionListener, org.springframework.test.context.event.EventPublishingTestExecutionListener]
2020-07-16 14:46:28,509 INFO o.s.t.c.s.AbstractTestContextBootstrapper [Test worker] Using TestExecutionListeners: [org.springframework.test.context.web.ServletTestExecutionListener@261ac3f2, org.springframework.test.context.support.DirtiesContextBeforeModesTestExecutionListener@1cef8c05, org.springframework.boot.test.mock.mockito.MockitoTestExecutionListener@1ea30c31, org.springframework.boot.test.autoconfigure.SpringBootDependencyInjectionTestExecutionListener@2b65ba1b, org.springframework.test.context.support.DirtiesContextTestExecutionListener@5b90f9d6, org.springframework.security.test.context.support.WithSecurityContextTestExecutionListener@3b7fd905, org.springframework.test.context.event.EventPublishingTestExecutionListener@3d3b98df, org.springframework.security.test.context.support.ReactorContextTestExecutionListener@3b085801, org.springframework.boot.test.autoconfigure.restdocs.RestDocsTestExecutionListener@678a48ff, org.springframework.boot.test.autoconfigure.web.client.MockRestServiceServerResetTestExecutionListener@22f812fa, org.springframework.boot.test.autoconfigure.web.servlet.MockMvcPrintOnlyOnFailureTestExecutionListener@43648b1a, org.springframework.boot.test.autoconfigure.web.servlet.WebDriverTestExecutionListener@3ad51b27, org.springframework.boot.test.mock.mockito.ResetMocksTestExecutionListener@fad6132]
2020-07-16 14:46:28,523 INFO o.s.m.w.MockServletContext [Test worker] Initializing Spring TestDispatcherServlet ''
2020-07-16 14:46:28,523 INFO o.s.w.s.FrameworkServlet [Test worker] Initializing Servlet ''
2020-07-16 14:46:28,524 INFO o.s.w.s.FrameworkServlet [Test worker] Completed initialization in 0 ms
2020-07-16 14:46:28,525 INFO C.G.S.SurveyAdminController [Test worker] Survey disabled successfully for Course =courseID
2020-07-16 14:46:29,539 INFO C.G.S.SurveyAdminDB [Test worker] Operation = Disable survey, Status = Success
2020-07-16 14:46:29,563 INFO o.s.m.w.MockServletContext [Test worker] Initializing Spring TestDispatcherServlet ''
2020-07-16 14:46:29,563 INFO o.s.w.s.FrameworkServlet [Test worker] Initializing Servlet ''
2020-07-16 14:46:29,564 INFO o.s.w.s.FrameworkServlet [Test worker] Completed initialization in 0 ms
2020-07-16 14:46:29,797 INFO C.G.S.SurveyAdminDB [Test worker] Operation = Delete Survey Question, Status = Success
2020-07-16 14:46:29,819 INFO o.s.m.w.MockServletContext [Test worker] Initializing Spring TestDispatcherServlet ''
2020-07-16 14:46:29,819 INFO o.s.w.s.FrameworkServlet [Test worker] Initializing Servlet ''
2020-07-16 14:46:29,820 INFO o.s.w.s.FrameworkServlet [Test worker] Completed initialization in 0 ms
2020-07-16 14:46:29,826 INFO C.G.S.SurveyAdminController [Test worker] Survey published successfully for Course =courseID
2020-07-16 14:46:30,023 INFO C.G.S.SurveyAdminDB [Test worker] Operation = Publish Survey, Status = Success
2020-07-16 14:46:30,042 INFO o.s.m.w.MockServletContext [Test worker] Initializing Spring TestDispatcherServlet ''
2020-07-16 14:46:30,043 INFO o.s.w.s.FrameworkServlet [Test worker] Initializing Servlet ''
2020-07-16 14:46:30,043 INFO o.s.w.s.FrameworkServlet [Test worker] Completed initialization in 0 ms
2020-07-16 14:46:30,050 WARN o.s.w.s.h.AbstractHandlerExceptionResolver [Test worker] Resolved [org.springframework.web.method.annotation.MethodArgumentTypeMismatchException: Failed to convert value of type 'java.lang.String' to required type 'long'; nested exception is java.lang.NumberFormatException: For input string: "test"]
2020-07-16 14:46:30,052 INFO o.s.t.c.s.AbstractTestContextBootstrapper [Test worker] Neither @ContextConfiguration nor @ContextHierarchy found for test class [CSCI5308.GroupFormationTool.SecurityTest.LoginControllerTest], using SpringBootContextLoader
2020-07-16 14:46:30,053 INFO o.s.t.c.s.AbstractContextLoader [Test worker] Could not detect default resource locations for test class [CSCI5308.GroupFormationTool.SecurityTest.LoginControllerTest]: no resource found for suffixes {-context.xml, Context.groovy}.
2020-07-16 14:46:30,054 INFO o.s.t.c.s.AnnotationConfigContextLoaderUtils [Test worker] Could not detect default configuration classes for test class [CSCI5308.GroupFormationTool.SecurityTest.LoginControllerTest]: LoginControllerTest does not declare any static, non-private, non-final, nested classes annotated with @Configuration.
2020-07-16 14:46:30,059 INFO o.s.b.t.c.SpringBootTestContextBootstrapper [Test worker] Found @SpringBootConfiguration CSCI5308.GroupFormationTool.GroupFormationToolApplication for test class CSCI5308.GroupFormationTool.SecurityTest.LoginControllerTest
2020-07-16 14:46:30,060 INFO o.s.t.c.s.AbstractTestContextBootstrapper [Test worker] Loaded default TestExecutionListener class names from location [META-INF/spring.factories]: [org.springframework.security.test.context.support.WithSecurityContextTestExecutionListener, org.springframework.security.test.context.support.ReactorContextTestExecutionListener, org.springframework.boot.test.autoconfigure.restdocs.RestDocsTestExecutionListener, org.springframework.boot.test.autoconfigure.web.client.MockRestServiceServerResetTestExecutionListener, org.springframework.boot.test.autoconfigure.web.servlet.MockMvcPrintOnlyOnFailureTestExecutionListener, org.springframework.boot.test.autoconfigure.web.servlet.WebDriverTestExecutionListener, org.springframework.boot.test.mock.mockito.MockitoTestExecutionListener, org.springframework.boot.test.mock.mockito.ResetMocksTestExecutionListener, org.springframework.test.context.web.ServletTestExecutionListener, org.springframework.test.context.support.DirtiesContextBeforeModesTestExecutionListener, org.springframework.test.context.support.DependencyInjectionTestExecutionListener, org.springframework.test.context.support.DirtiesContextTestExecutionListener, org.springframework.test.context.transaction.TransactionalTestExecutionListener, org.springframework.test.context.jdbc.SqlScriptsTestExecutionListener, org.springframework.test.context.event.EventPublishingTestExecutionListener]
2020-07-16 14:46:30,061 INFO o.s.t.c.s.AbstractTestContextBootstrapper [Test worker] Using TestExecutionListeners: [org.springframework.test.context.web.ServletTestExecutionListener@69384533, org.springframework.test.context.support.DirtiesContextBeforeModesTestExecutionListener@48322e00, org.springframework.boot.test.mock.mockito.MockitoTestExecutionListener@db90df3, org.springframework.boot.test.autoconfigure.SpringBootDependencyInjectionTestExecutionListener@6490f73d, org.springframework.test.context.support.DirtiesContextTestExecutionListener@4faa3741, org.springframework.security.test.context.support.WithSecurityContextTestExecutionListener@1631529a, org.springframework.test.context.event.EventPublishingTestExecutionListener@5322033a, org.springframework.security.test.context.support.ReactorContextTestExecutionListener@30e83f7c, org.springframework.boot.test.autoconfigure.restdocs.RestDocsTestExecutionListener@2ee6061f, org.springframework.boot.test.autoconfigure.web.client.MockRestServiceServerResetTestExecutionListener@325f34db, org.springframework.boot.test.autoconfigure.web.servlet.MockMvcPrintOnlyOnFailureTestExecutionListener@7127ca79, org.springframework.boot.test.autoconfigure.web.servlet.WebDriverTestExecutionListener@c518fe, org.springframework.boot.test.mock.mockito.ResetMocksTestExecutionListener@1e8d3007]
2020-07-16 14:46:30,071 INFO o.s.t.c.s.AbstractTestContextBootstrapper [Test worker] Neither @ContextConfiguration nor @ContextHierarchy found for test class [CSCI5308.GroupFormationTool.SecurityTest.SignupControllerTest], using SpringBootContextLoader
2020-07-16 14:46:30,072 INFO o.s.t.c.s.AbstractContextLoader [Test worker] Could not detect default resource locations for test class [CSCI5308.GroupFormationTool.SecurityTest.SignupControllerTest]: no resource found for suffixes {-context.xml, Context.groovy}.
2020-07-16 14:46:30,072 INFO o.s.t.c.s.AnnotationConfigContextLoaderUtils [Test worker] Could not detect default configuration classes for test class [CSCI5308.GroupFormationTool.SecurityTest.SignupControllerTest]: SignupControllerTest does not declare any static, non-private, non-final, nested classes annotated with @Configuration.
2020-07-16 14:46:30,074 INFO o.s.b.t.c.SpringBootTestContextBootstrapper [Test worker] Found @SpringBootConfiguration CSCI5308.GroupFormationTool.GroupFormationToolApplication for test class CSCI5308.GroupFormationTool.SecurityTest.SignupControllerTest
2020-07-16 14:46:30,075 INFO o.s.t.c.s.AbstractTestContextBootstrapper [Test worker] Loaded default TestExecutionListener class names from location [META-INF/spring.factories]: [org.springframework.security.test.context.support.WithSecurityContextTestExecutionListener, org.springframework.security.test.context.support.ReactorContextTestExecutionListener, org.springframework.boot.test.autoconfigure.restdocs.RestDocsTestExecutionListener, org.springframework.boot.test.autoconfigure.web.client.MockRestServiceServerResetTestExecutionListener, org.springframework.boot.test.autoconfigure.web.servlet.MockMvcPrintOnlyOnFailureTestExecutionListener, org.springframework.boot.test.autoconfigure.web.servlet.WebDriverTestExecutionListener, org.springframework.boot.test.mock.mockito.MockitoTestExecutionListener, org.springframework.boot.test.mock.mockito.ResetMocksTestExecutionListener, org.springframework.test.context.web.ServletTestExecutionListener, org.springframework.test.context.support.DirtiesContextBeforeModesTestExecutionListener, org.springframework.test.context.support.DependencyInjectionTestExecutionListener, org.springframework.test.context.support.DirtiesContextTestExecutionListener, org.springframework.test.context.transaction.TransactionalTestExecutionListener, org.springframework.test.context.jdbc.SqlScriptsTestExecutionListener, org.springframework.test.context.event.EventPublishingTestExecutionListener]
2020-07-16 14:46:30,075 INFO o.s.t.c.s.AbstractTestContextBootstrapper [Test worker] Using TestExecutionListeners: [org.springframework.test.context.web.ServletTestExecutionListener@765adf82, org.springframework.test.context.support.DirtiesContextBeforeModesTestExecutionListener@1f317da3, org.springframework.boot.test.mock.mockito.MockitoTestExecutionListener@21b5186c, org.springframework.boot.test.autoconfigure.SpringBootDependencyInjectionTestExecutionListener@4ab7750c, org.springframework.test.context.support.DirtiesContextTestExecutionListener@6a311517, org.springframework.security.test.context.support.WithSecurityContextTestExecutionListener@7ef9a197, org.springframework.test.context.event.EventPublishingTestExecutionListener@7786a05c, org.springframework.security.test.context.support.ReactorContextTestExecutionListener@668a4b5, org.springframework.boot.test.autoconfigure.restdocs.RestDocsTestExecutionListener@641380c2, org.springframework.boot.test.autoconfigure.web.client.MockRestServiceServerResetTestExecutionListener@575560ce, org.springframework.boot.test.autoconfigure.web.servlet.MockMvcPrintOnlyOnFailureTestExecutionListener@1593be38, org.springframework.boot.test.autoconfigure.web.servlet.WebDriverTestExecutionListener@561ded33, org.springframework.boot.test.mock.mockito.ResetMocksTestExecutionListener@2ef062a2]
2020-07-16 14:46:30,086 INFO o.s.t.c.s.AbstractTestContextBootstrapper [Test worker] Neither @ContextConfiguration nor @ContextHierarchy found for test class [CSCI5308.GroupFormationTool.AccessControlTest.UserTest], using SpringBootContextLoader
2020-07-16 14:46:30,086 INFO o.s.t.c.s.AbstractContextLoader [Test worker] Could not detect default resource locations for test class [CSCI5308.GroupFormationTool.AccessControlTest.UserTest]: no resource found for suffixes {-context.xml, Context.groovy}.
2020-07-16 14:46:30,087 INFO o.s.t.c.s.AnnotationConfigContextLoaderUtils [Test worker] Could not detect default configuration classes for test class [CSCI5308.GroupFormationTool.AccessControlTest.UserTest]: UserTest does not declare any static, non-private, non-final, nested classes annotated with @Configuration.
2020-07-16 14:46:30,092 INFO o.s.b.t.c.SpringBootTestContextBootstrapper [Test worker] Found @SpringBootConfiguration CSCI5308.GroupFormationTool.GroupFormationToolApplication for test class CSCI5308.GroupFormationTool.AccessControlTest.UserTest
2020-07-16 14:46:30,093 INFO o.s.t.c.s.AbstractTestContextBootstrapper [Test worker] Loaded default TestExecutionListener class names from location [META-INF/spring.factories]: [org.springframework.security.test.context.support.WithSecurityContextTestExecutionListener, org.springframework.security.test.context.support.ReactorContextTestExecutionListener, org.springframework.boot.test.autoconfigure.restdocs.RestDocsTestExecutionListener, org.springframework.boot.test.autoconfigure.web.client.MockRestServiceServerResetTestExecutionListener, org.springframework.boot.test.autoconfigure.web.servlet.MockMvcPrintOnlyOnFailureTestExecutionListener, org.springframework.boot.test.autoconfigure.web.servlet.WebDriverTestExecutionListener, org.springframework.boot.test.mock.mockito.MockitoTestExecutionListener, org.springframework.boot.test.mock.mockito.ResetMocksTestExecutionListener, org.springframework.test.context.web.ServletTestExecutionListener, org.springframework.test.context.support.DirtiesContextBeforeModesTestExecutionListener, org.springframework.test.context.support.DependencyInjectionTestExecutionListener, org.springframework.test.context.support.DirtiesContextTestExecutionListener, org.springframework.test.context.transaction.TransactionalTestExecutionListener, org.springframework.test.context.jdbc.SqlScriptsTestExecutionListener, org.springframework.test.context.event.EventPublishingTestExecutionListener]
2020-07-16 14:46:30,094 INFO o.s.t.c.s.AbstractTestContextBootstrapper [Test worker] Using TestExecutionListeners: [org.springframework.test.context.web.ServletTestExecutionListener@1567485b, org.springframework.test.context.support.DirtiesContextBeforeModesTestExecutionListener@1347a634, org.springframework.boot.test.mock.mockito.MockitoTestExecutionListener@4cd89991, org.springframework.boot.test.autoconfigure.SpringBootDependencyInjectionTestExecutionListener@401a0e5c, org.springframework.test.context.support.DirtiesContextTestExecutionListener@6f10b394, org.springframework.security.test.context.support.WithSecurityContextTestExecutionListener@41c8ce44, org.springframework.test.context.event.EventPublishingTestExecutionListener@4954d3fd, org.springframework.security.test.context.support.ReactorContextTestExecutionListener@59ac5c65, org.springframework.boot.test.autoconfigure.restdocs.RestDocsTestExecutionListener@33cad8d7, org.springframework.boot.test.autoconfigure.web.client.MockRestServiceServerResetTestExecutionListener@34f78a04, org.springframework.boot.test.autoconfigure.web.servlet.MockMvcPrintOnlyOnFailureTestExecutionListener@5bd36c5c, org.springframework.boot.test.autoconfigure.web.servlet.WebDriverTestExecutionListener@60275c37, org.springframework.boot.test.mock.mockito.ResetMocksTestExecutionListener@54e2c84]
2020-07-16 14:46:30,133 INFO o.s.s.c.ExecutorConfigurationSupport [SpringContextShutdownHook] Shutting down ExecutorService 'applicationTaskExecutor'
2020-07-16 14:46:30,133 INFO o.s.s.c.ExecutorConfigurationSupport [SpringContextShutdownHook] Shutting down ExecutorService 'applicationTaskExecutor'
